INFO:cherrypy.error:[31/Jan/2015:16:42:13] ENGINE Listening for SIGHUP.
INFO:cherrypy.error:[31/Jan/2015:16:42:13] ENGINE Listening for SIGTERM.
INFO:cherrypy.error:[31/Jan/2015:16:42:13] ENGINE Listening for SIGUSR1.
INFO:cherrypy.error:[31/Jan/2015:16:42:13] ENGINE Bus STARTING
INFO:cherrypy.error:[31/Jan/2015:16:42:13] ENGINE Started monitor thread 'Autoreloader'.
INFO:cherrypy.error:[31/Jan/2015:16:42:13] ENGINE Started monitor thread '_TimeoutMonitor'.
INFO:cherrypy.error:[31/Jan/2015:16:42:13] ENGINE Started monitor thread 'Monitor'.
INFO:cherrypy.error:[31/Jan/2015:16:42:13] ENGINE Serving on 0.0.0.0:8083
INFO:cherrypy.error:[31/Jan/2015:16:42:13] ENGINE Bus STARTED
INFO:cherrypy.error:[31/Jan/2015:16:42:33] ENGINE Keyboard Interrupt: shutting down bus
INFO:cherrypy.error:[31/Jan/2015:16:42:33] ENGINE Bus STOPPING
INFO:cherrypy.error:[31/Jan/2015:16:42:33] ENGINE HTTP Server cherrypy._cpwsgi_server.CPWSGIServer((u'0.0.0.0', 8083)) shut down
INFO:cherrypy.error:[31/Jan/2015:16:42:33] ENGINE Stopped thread 'Monitor'.
INFO:cherrypy.error:[31/Jan/2015:16:42:33] ENGINE Stopped thread 'Autoreloader'.
INFO:cherrypy.error:[31/Jan/2015:16:42:33] ENGINE Stopped thread '_TimeoutMonitor'.
INFO:cherrypy.error:[31/Jan/2015:16:42:33] ENGINE Bus STOPPED
INFO:cherrypy.error:[31/Jan/2015:16:42:33] ENGINE Bus EXITING
INFO:cherrypy.error:[31/Jan/2015:16:42:33] ENGINE Bus EXITED
INFO:cherrypy.error:[31/Jan/2015:16:42:33] ENGINE Waiting for child threads to terminate...
INFO:cherrypy.error:[31/Jan/2015:16:43:18] ENGINE Listening for SIGHUP.
INFO:cherrypy.error:[31/Jan/2015:16:43:18] ENGINE Listening for SIGTERM.
INFO:cherrypy.error:[31/Jan/2015:16:43:18] ENGINE Listening for SIGUSR1.
INFO:cherrypy.error:[31/Jan/2015:16:43:18] ENGINE Bus STARTING
INFO:cherrypy.error:[31/Jan/2015:16:43:18] ENGINE Started monitor thread 'Autoreloader'.
INFO:cherrypy.error:[31/Jan/2015:16:43:18] ENGINE Started monitor thread '_TimeoutMonitor'.
INFO:cherrypy.error:[31/Jan/2015:16:43:18] ENGINE Started monitor thread 'Monitor'.
INFO:cherrypy.error:[31/Jan/2015:16:43:18] ENGINE Serving on 0.0.0.0:8083
INFO:cherrypy.error:[31/Jan/2015:16:43:18] ENGINE Bus STARTED
INFO:cherrypy.error:[31/Jan/2015:16:43:25] ENGINE Keyboard Interrupt: shutting down bus
INFO:cherrypy.error:[31/Jan/2015:16:43:25] ENGINE Bus STOPPING
INFO:cherrypy.error:[31/Jan/2015:16:43:25] ENGINE HTTP Server cherrypy._cpwsgi_server.CPWSGIServer((u'0.0.0.0', 8083)) shut down
INFO:cherrypy.error:[31/Jan/2015:16:43:25] ENGINE Stopped thread 'Monitor'.
INFO:cherrypy.error:[31/Jan/2015:16:43:25] ENGINE Stopped thread 'Autoreloader'.
INFO:cherrypy.error:[31/Jan/2015:16:43:25] ENGINE Stopped thread '_TimeoutMonitor'.
INFO:cherrypy.error:[31/Jan/2015:16:43:25] ENGINE Bus STOPPED
INFO:cherrypy.error:[31/Jan/2015:16:43:25] ENGINE Bus EXITING
INFO:cherrypy.error:[31/Jan/2015:16:43:25] ENGINE Bus EXITED
INFO:cherrypy.error:[31/Jan/2015:16:43:25] ENGINE Waiting for child threads to terminate...
INFO:cherrypy.error:[31/Jan/2015:16:44:00] ENGINE Listening for SIGHUP.
INFO:cherrypy.error:[31/Jan/2015:16:44:00] ENGINE Listening for SIGTERM.
INFO:cherrypy.error:[31/Jan/2015:16:44:00] ENGINE Listening for SIGUSR1.
INFO:cherrypy.error:[31/Jan/2015:16:44:00] ENGINE Bus STARTING
INFO:cherrypy.error:[31/Jan/2015:16:44:00] ENGINE Started monitor thread 'Autoreloader'.
INFO:cherrypy.error:[31/Jan/2015:16:44:00] ENGINE Started monitor thread '_TimeoutMonitor'.
INFO:cherrypy.error:[31/Jan/2015:16:44:00] ENGINE Started monitor thread 'Monitor'.
INFO:cherrypy.error:[31/Jan/2015:16:44:00] ENGINE Serving on 0.0.0.0:8083
INFO:cherrypy.error:[31/Jan/2015:16:44:00] ENGINE Bus STARTED
INFO:cherrypy.access.38464208:127.0.0.1 - - [31/Jan/2015:16:44:03] "GET / HTTP/1.1" 200 67 "" "Mozilla/5.0 (X11; Linux x86_64; rv:31.0) Gecko/20100101 Firefox/31.0 Iceweasel/31.4.0"
INFO:cherrypy.access.38464208:127.0.0.1 - - [31/Jan/2015:16:44:03] "GET /current.jpg HTTP/1.1" 200 54037 "http://127.0.0.1:8083/" "Mozilla/5.0 (X11; Linux x86_64; rv:31.0) Gecko/20100101 Firefox/31.0 Iceweasel/31.4.0"
INFO:cherrypy.access.38464208:127.0.0.1 - - [31/Jan/2015:16:44:03] "GET /favicon.ico HTTP/1.1" 200 1406 "" "Mozilla/5.0 (X11; Linux x86_64; rv:31.0) Gecko/20100101 Firefox/31.0 Iceweasel/31.4.0"
INFO:cherrypy.access.38464208:127.0.0.1 - - [31/Jan/2015:16:44:05] "GET / HTTP/1.1" 200 67 "" "Mozilla/5.0 (X11; Linux x86_64; rv:31.0) Gecko/20100101 Firefox/31.0 Iceweasel/31.4.0"
INFO:cherrypy.access.38464208:127.0.0.1 - - [31/Jan/2015:16:44:07] "GET / HTTP/1.1" 200 67 "" "Mozilla/5.0 (X11; Linux x86_64; rv:31.0) Gecko/20100101 Firefox/31.0 Iceweasel/31.4.0"
INFO:cherrypy.access.38464208:127.0.0.1 - - [31/Jan/2015:16:44:08] "GET / HTTP/1.1" 200 67 "" "Mozilla/5.0 (X11; Linux x86_64; rv:31.0) Gecko/20100101 Firefox/31.0 Iceweasel/31.4.0"
INFO:cherrypy.access.38464208:127.0.0.1 - - [31/Jan/2015:16:44:09] "GET / HTTP/1.1" 200 67 "" "Mozilla/5.0 (X11; Linux x86_64; rv:31.0) Gecko/20100101 Firefox/31.0 Iceweasel/31.4.0"
INFO:cherrypy.access.38464208:127.0.0.1 - - [31/Jan/2015:17:13:43] "GET / HTTP/1.1" 200 49 "" "Mozilla/5.0 (X11; Linux x86_64; rv:31.0) Gecko/20100101 Firefox/31.0 Iceweasel/31.4.0"
INFO:cherrypy.access.38464208:127.0.0.1 - - [31/Jan/2015:17:15:42] "GET / HTTP/1.1" 200 49 "" "Mozilla/5.0 (X11; Linux x86_64; rv:31.0) Gecko/20100101 Firefox/31.0 Iceweasel/31.4.0"
INFO:cherrypy.access.38464208:127.0.0.1 - - [31/Jan/2015:17:16:02] "GET / HTTP/1.1" 200 49 "" "Mozilla/5.0 (X11; Linux x86_64; rv:31.0) Gecko/20100101 Firefox/31.0 Iceweasel/31.4.0"
INFO:cherrypy.access.38464208:127.0.0.1 - - [31/Jan/2015:17:16:48] "GET / HTTP/1.1" 200 49 "" "Mozilla/5.0 (X11; Linux x86_64; rv:31.0) Gecko/20100101 Firefox/31.0 Iceweasel/31.4.0"
INFO:cherrypy.access.38464208:127.0.0.1 - - [31/Jan/2015:17:19:54] "GET / HTTP/1.1" 200 49 "" "Mozilla/5.0 (X11; Linux x86_64; rv:31.0) Gecko/20100101 Firefox/31.0 Iceweasel/31.4.0"
INFO:cherrypy.error:[31/Jan/2015:17:32:02] ENGINE Restarting because /home/trevor/Public/rehydrate/node/rehydrate-node.py changed.
INFO:cherrypy.error:[31/Jan/2015:17:32:02] ENGINE Stopped thread 'Autoreloader'.
INFO:cherrypy.error:[31/Jan/2015:17:32:02] ENGINE Bus STOPPING
INFO:cherrypy.error:[31/Jan/2015:17:32:02] ENGINE HTTP Server cherrypy._cpwsgi_server.CPWSGIServer((u'0.0.0.0', 8083)) shut down
INFO:cherrypy.error:[31/Jan/2015:17:32:02] ENGINE Stopped thread 'Monitor'.
INFO:cherrypy.error:[31/Jan/2015:17:32:02] ENGINE Stopped thread '_TimeoutMonitor'.
INFO:cherrypy.error:[31/Jan/2015:17:32:02] ENGINE Bus STOPPED
INFO:cherrypy.error:[31/Jan/2015:17:32:02] ENGINE Bus EXITING
INFO:cherrypy.error:[31/Jan/2015:17:32:02] ENGINE Bus EXITED
INFO:cherrypy.error:[31/Jan/2015:17:32:02] ENGINE Waiting for child threads to terminate...
INFO:cherrypy.error:[31/Jan/2015:17:32:02] ENGINE Re-spawning rehydrate-node.py
INFO:cherrypy.error:[31/Jan/2015:17:32:03] ENGINE Listening for SIGHUP.
INFO:cherrypy.error:[31/Jan/2015:17:32:03] ENGINE Listening for SIGTERM.
INFO:cherrypy.error:[31/Jan/2015:17:32:03] ENGINE Listening for SIGUSR1.
INFO:cherrypy.error:[31/Jan/2015:17:32:03] ENGINE Bus STARTING
INFO:cherrypy.error:[31/Jan/2015:17:32:03] ENGINE Started monitor thread 'Autoreloader'.
INFO:cherrypy.error:[31/Jan/2015:17:32:03] ENGINE Started monitor thread '_TimeoutMonitor'.
INFO:cherrypy.error:[31/Jan/2015:17:32:03] ENGINE Started monitor thread 'Monitor'.
INFO:cherrypy.error:[31/Jan/2015:17:32:03] ENGINE Serving on 0.0.0.0:8083
INFO:cherrypy.error:[31/Jan/2015:17:32:03] ENGINE Bus STARTED
INFO:cherrypy.error:[31/Jan/2015:17:32:22] ENGINE Keyboard Interrupt: shutting down bus
INFO:cherrypy.error:[31/Jan/2015:17:32:22] ENGINE Bus STOPPING
INFO:cherrypy.error:[31/Jan/2015:17:32:22] ENGINE HTTP Server cherrypy._cpwsgi_server.CPWSGIServer((u'0.0.0.0', 8083)) shut down
INFO:cherrypy.error:[31/Jan/2015:17:32:22] ENGINE Stopped thread 'Monitor'.
INFO:cherrypy.error:[31/Jan/2015:17:32:22] ENGINE Stopped thread 'Autoreloader'.
INFO:cherrypy.error:[31/Jan/2015:17:32:22] ENGINE Stopped thread '_TimeoutMonitor'.
INFO:cherrypy.error:[31/Jan/2015:17:32:22] ENGINE Bus STOPPED
INFO:cherrypy.error:[31/Jan/2015:17:32:22] ENGINE Bus EXITING
INFO:cherrypy.error:[31/Jan/2015:17:32:22] ENGINE Bus EXITED
INFO:cherrypy.error:[31/Jan/2015:17:32:22] ENGINE Waiting for child threads to terminate...
INFO:cherrypy.error:[31/Jan/2015:17:32:23] ENGINE Listening for SIGHUP.
INFO:cherrypy.error:[31/Jan/2015:17:32:23] ENGINE Listening for SIGTERM.
INFO:cherrypy.error:[31/Jan/2015:17:32:23] ENGINE Listening for SIGUSR1.
INFO:cherrypy.error:[31/Jan/2015:17:32:23] ENGINE Bus STARTING
INFO:cherrypy.error:[31/Jan/2015:17:32:23] ENGINE Started monitor thread 'Autoreloader'.
INFO:cherrypy.error:[31/Jan/2015:17:32:23] ENGINE Started monitor thread '_TimeoutMonitor'.
INFO:cherrypy.error:[31/Jan/2015:17:32:23] ENGINE Started monitor thread 'Monitor'.
INFO:cherrypy.error:[31/Jan/2015:17:32:23] ENGINE Serving on 0.0.0.0:8083
INFO:cherrypy.error:[31/Jan/2015:17:32:23] ENGINE Bus STARTED
INFO:cherrypy.access.27527888:127.0.0.1 - - [31/Jan/2015:17:32:31] "GET / HTTP/1.1" 200 49 "" "Mozilla/5.0 (X11; Linux x86_64; rv:31.0) Gecko/20100101 Firefox/31.0 Iceweasel/31.4.0"
INFO:cherrypy.access.27527888:127.0.0.1 - - [31/Jan/2015:19:42:42] "GET /favicon.ico HTTP/1.1" 200 1406 "" "Mozilla/5.0 (X11; Linux x86_64; rv:31.0) Gecko/20100101 Firefox/31.0 Iceweasel/31.4.0"
INFO:cherrypy.error:[31/Jan/2015:20:07:12] ENGINE Keyboard Interrupt: shutting down bus
INFO:cherrypy.error:[31/Jan/2015:20:07:12] ENGINE Bus STOPPING
INFO:cherrypy.error:[31/Jan/2015:20:07:12] ENGINE HTTP Server cherrypy._cpwsgi_server.CPWSGIServer((u'0.0.0.0', 8083)) shut down
INFO:cherrypy.error:[31/Jan/2015:20:07:12] ENGINE Stopped thread 'Monitor'.
INFO:cherrypy.error:[31/Jan/2015:20:07:12] ENGINE Stopped thread 'Autoreloader'.
INFO:cherrypy.error:[31/Jan/2015:20:07:12] ENGINE Stopped thread '_TimeoutMonitor'.
INFO:cherrypy.error:[31/Jan/2015:20:07:12] ENGINE Bus STOPPED
INFO:cherrypy.error:[31/Jan/2015:20:07:12] ENGINE Bus EXITING
INFO:cherrypy.error:[31/Jan/2015:20:07:12] ENGINE Bus EXITED
INFO:cherrypy.error:[31/Jan/2015:20:07:12] ENGINE Waiting for child threads to terminate...
INFO:cherrypy.error:[31/Jan/2015:20:16:27] ENGINE Listening for SIGHUP.
INFO:cherrypy.error:[31/Jan/2015:20:16:27] ENGINE Listening for SIGTERM.
INFO:cherrypy.error:[31/Jan/2015:20:16:27] ENGINE Listening for SIGUSR1.
INFO:cherrypy.error:[31/Jan/2015:20:16:27] ENGINE Bus STARTING
INFO:cherrypy.error:[31/Jan/2015:20:16:27] ENGINE Started monitor thread 'Autoreloader'.
INFO:cherrypy.error:[31/Jan/2015:20:16:27] ENGINE Started monitor thread '_TimeoutMonitor'.
INFO:cherrypy.error:[31/Jan/2015:20:16:27] ENGINE Started monitor thread 'Monitor'.
INFO:cherrypy.error:[31/Jan/2015:20:16:27] ENGINE Serving on 0.0.0.0:8083
INFO:cherrypy.error:[31/Jan/2015:20:16:27] ENGINE Bus STARTED
INFO:cherrypy.error:[31/Jan/2015:20:19:53] ENGINE Keyboard Interrupt: shutting down bus
INFO:cherrypy.error:[31/Jan/2015:20:19:53] ENGINE Bus STOPPING
INFO:cherrypy.error:[31/Jan/2015:20:19:53] ENGINE HTTP Server cherrypy._cpwsgi_server.CPWSGIServer((u'0.0.0.0', 8083)) shut down
INFO:cherrypy.error:[31/Jan/2015:20:19:53] ENGINE Stopped thread 'Monitor'.
INFO:cherrypy.error:[31/Jan/2015:20:19:53] ENGINE Stopped thread 'Autoreloader'.
INFO:cherrypy.error:[31/Jan/2015:20:19:53] ENGINE Stopped thread '_TimeoutMonitor'.
INFO:cherrypy.error:[31/Jan/2015:20:19:53] ENGINE Bus STOPPED
INFO:cherrypy.error:[31/Jan/2015:20:19:53] ENGINE Bus EXITING
INFO:cherrypy.error:[31/Jan/2015:20:19:53] ENGINE Bus EXITED
INFO:cherrypy.error:[31/Jan/2015:20:19:53] ENGINE Waiting for child threads to terminate...
INFO:cherrypy.error:[31/Jan/2015:20:20:29] ENGINE Listening for SIGHUP.
INFO:cherrypy.error:[31/Jan/2015:20:20:29] ENGINE Listening for SIGTERM.
INFO:cherrypy.error:[31/Jan/2015:20:20:29] ENGINE Listening for SIGUSR1.
INFO:cherrypy.error:[31/Jan/2015:20:20:29] ENGINE Bus STARTING
INFO:cherrypy.error:[31/Jan/2015:20:20:29] ENGINE Started monitor thread 'Autoreloader'.
INFO:cherrypy.error:[31/Jan/2015:20:20:29] ENGINE Started monitor thread '_TimeoutMonitor'.
INFO:cherrypy.error:[31/Jan/2015:20:20:29] ENGINE Started monitor thread 'Monitor'.
INFO:cherrypy.error:[31/Jan/2015:20:20:30] ENGINE Serving on 0.0.0.0:8083
INFO:cherrypy.error:[31/Jan/2015:20:20:30] ENGINE Bus STARTED
INFO:cherrypy.error:[31/Jan/2015:20:21:32] ENGINE Keyboard Interrupt: shutting down bus
INFO:cherrypy.error:[31/Jan/2015:20:21:32] ENGINE Bus STOPPING
INFO:cherrypy.error:[31/Jan/2015:20:21:32] ENGINE HTTP Server cherrypy._cpwsgi_server.CPWSGIServer((u'0.0.0.0', 8083)) shut down
INFO:cherrypy.error:[31/Jan/2015:20:21:32] ENGINE Stopped thread 'Monitor'.
INFO:cherrypy.error:[31/Jan/2015:20:21:32] ENGINE Stopped thread 'Autoreloader'.
INFO:cherrypy.error:[31/Jan/2015:20:21:32] ENGINE Stopped thread '_TimeoutMonitor'.
INFO:cherrypy.error:[31/Jan/2015:20:21:32] ENGINE Bus STOPPED
INFO:cherrypy.error:[31/Jan/2015:20:21:32] ENGINE Bus EXITING
INFO:cherrypy.error:[31/Jan/2015:20:21:32] ENGINE Bus EXITED
INFO:cherrypy.error:[31/Jan/2015:20:21:32] ENGINE Waiting for child threads to terminate...
INFO:cherrypy.error:[31/Jan/2015:20:21:52] ENGINE Listening for SIGHUP.
INFO:cherrypy.error:[31/Jan/2015:20:21:52] ENGINE Listening for SIGTERM.
INFO:cherrypy.error:[31/Jan/2015:20:21:52] ENGINE Listening for SIGUSR1.
INFO:cherrypy.error:[31/Jan/2015:20:21:52] ENGINE Bus STARTING
INFO:cherrypy.error:[31/Jan/2015:20:21:52] ENGINE Started monitor thread 'Autoreloader'.
INFO:cherrypy.error:[31/Jan/2015:20:21:52] ENGINE Started monitor thread '_TimeoutMonitor'.
INFO:cherrypy.error:[31/Jan/2015:20:21:52] ENGINE Started monitor thread 'Monitor'.
INFO:cherrypy.error:[31/Jan/2015:20:21:52] ENGINE Serving on 0.0.0.0:8083
INFO:cherrypy.error:[31/Jan/2015:20:21:52] ENGINE Bus STARTED
INFO:cherrypy.error:[31/Jan/2015:20:22:06] ENGINE Keyboard Interrupt: shutting down bus
INFO:cherrypy.error:[31/Jan/2015:20:22:06] ENGINE Bus STOPPING
INFO:cherrypy.error:[31/Jan/2015:20:22:06] ENGINE HTTP Server cherrypy._cpwsgi_server.CPWSGIServer((u'0.0.0.0', 8083)) shut down
INFO:cherrypy.error:[31/Jan/2015:20:22:06] ENGINE Stopped thread 'Monitor'.
INFO:cherrypy.error:[31/Jan/2015:20:22:06] ENGINE Stopped thread 'Autoreloader'.
INFO:cherrypy.error:[31/Jan/2015:20:22:06] ENGINE Stopped thread '_TimeoutMonitor'.
INFO:cherrypy.error:[31/Jan/2015:20:22:06] ENGINE Bus STOPPED
INFO:cherrypy.error:[31/Jan/2015:20:22:06] ENGINE Bus EXITING
INFO:cherrypy.error:[31/Jan/2015:20:22:06] ENGINE Bus EXITED
INFO:cherrypy.error:[31/Jan/2015:20:22:06] ENGINE Waiting for child threads to terminate...
INFO:cherrypy.error:[31/Jan/2015:20:23:13] ENGINE Listening for SIGHUP.
INFO:cherrypy.error:[31/Jan/2015:20:23:13] ENGINE Listening for SIGTERM.
INFO:cherrypy.error:[31/Jan/2015:20:23:13] ENGINE Listening for SIGUSR1.
INFO:cherrypy.error:[31/Jan/2015:20:23:13] ENGINE Bus STARTING
INFO:cherrypy.error:[31/Jan/2015:20:23:13] ENGINE Started monitor thread 'Autoreloader'.
INFO:cherrypy.error:[31/Jan/2015:20:23:13] ENGINE Started monitor thread '_TimeoutMonitor'.
INFO:cherrypy.error:[31/Jan/2015:20:23:13] ENGINE Started monitor thread 'Monitor'.
INFO:cherrypy.error:[31/Jan/2015:20:23:13] ENGINE Serving on 0.0.0.0:8083
INFO:cherrypy.error:[31/Jan/2015:20:23:13] ENGINE Bus STARTED
INFO:cherrypy.access.36301520:127.0.0.1 - - [31/Jan/2015:20:23:21] "GET / HTTP/1.1" 200 49 "" "Mozilla/5.0 (X11; Linux x86_64; rv:31.0) Gecko/20100101 Firefox/31.0 Iceweasel/31.4.0"
INFO:cherrypy.access.36301520:127.0.0.1 - - [31/Jan/2015:20:23:21] "GET /favicon.ico HTTP/1.1" 200 1406 "" "Mozilla/5.0 (X11; Linux x86_64; rv:31.0) Gecko/20100101 Firefox/31.0 Iceweasel/31.4.0"
INFO:cherrypy.error:[31/Jan/2015:20:26:13] ENGINE Keyboard Interrupt: shutting down bus
INFO:cherrypy.error:[31/Jan/2015:20:26:13] ENGINE Bus STOPPING
INFO:cherrypy.error:[31/Jan/2015:20:26:13] ENGINE HTTP Server cherrypy._cpwsgi_server.CPWSGIServer((u'0.0.0.0', 8083)) shut down
INFO:cherrypy.error:[31/Jan/2015:20:26:13] ENGINE Stopped thread 'Monitor'.
INFO:cherrypy.error:[31/Jan/2015:20:26:13] ENGINE Stopped thread 'Autoreloader'.
INFO:cherrypy.error:[31/Jan/2015:20:26:13] ENGINE Stopped thread '_TimeoutMonitor'.
INFO:cherrypy.error:[31/Jan/2015:20:26:13] ENGINE Bus STOPPED
INFO:cherrypy.error:[31/Jan/2015:20:26:13] ENGINE Bus EXITING
INFO:cherrypy.error:[31/Jan/2015:20:26:13] ENGINE Bus EXITED
INFO:cherrypy.error:[31/Jan/2015:20:26:13] ENGINE Waiting for child threads to terminate...
INFO:cherrypy.error:[31/Jan/2015:20:26:14] ENGINE Listening for SIGHUP.
INFO:cherrypy.error:[31/Jan/2015:20:26:14] ENGINE Listening for SIGTERM.
INFO:cherrypy.error:[31/Jan/2015:20:26:14] ENGINE Listening for SIGUSR1.
INFO:cherrypy.error:[31/Jan/2015:20:26:14] ENGINE Bus STARTING
INFO:cherrypy.error:[31/Jan/2015:20:26:14] ENGINE Started monitor thread 'Autoreloader'.
INFO:cherrypy.error:[31/Jan/2015:20:26:14] ENGINE Started monitor thread '_TimeoutMonitor'.
INFO:cherrypy.error:[31/Jan/2015:20:26:14] ENGINE Started monitor thread 'Monitor'.
INFO:cherrypy.error:[31/Jan/2015:20:26:14] ENGINE Serving on 0.0.0.0:8083
INFO:cherrypy.error:[31/Jan/2015:20:26:14] ENGINE Bus STARTED
INFO:cherrypy.error:[31/Jan/2015:20:28:37] ENGINE Restarting because /home/trevor/Public/rehydrate/node/rehydrate-node.py changed.
INFO:cherrypy.error:[31/Jan/2015:20:28:37] ENGINE Stopped thread 'Autoreloader'.
INFO:cherrypy.error:[31/Jan/2015:20:28:37] ENGINE Bus STOPPING
INFO:cherrypy.error:[31/Jan/2015:20:28:37] ENGINE HTTP Server cherrypy._cpwsgi_server.CPWSGIServer((u'0.0.0.0', 8083)) shut down
INFO:cherrypy.error:[31/Jan/2015:20:28:37] ENGINE Stopped thread 'Monitor'.
INFO:cherrypy.error:[31/Jan/2015:20:28:37] ENGINE Stopped thread '_TimeoutMonitor'.
INFO:cherrypy.error:[31/Jan/2015:20:28:37] ENGINE Bus STOPPED
INFO:cherrypy.error:[31/Jan/2015:20:28:37] ENGINE Bus EXITING
INFO:cherrypy.error:[31/Jan/2015:20:28:37] ENGINE Bus EXITED
INFO:cherrypy.error:[31/Jan/2015:20:28:37] ENGINE Waiting for child threads to terminate...
INFO:cherrypy.error:[31/Jan/2015:20:28:37] ENGINE Re-spawning rehydrate-node.py
INFO:cherrypy.error:[31/Jan/2015:20:28:37] ENGINE Listening for SIGHUP.
INFO:cherrypy.error:[31/Jan/2015:20:28:37] ENGINE Listening for SIGTERM.
INFO:cherrypy.error:[31/Jan/2015:20:28:37] ENGINE Listening for SIGUSR1.
INFO:cherrypy.error:[31/Jan/2015:20:28:37] ENGINE Bus STARTING
INFO:cherrypy.error:[31/Jan/2015:20:28:37] ENGINE Started monitor thread 'Autoreloader'.
INFO:cherrypy.error:[31/Jan/2015:20:28:37] ENGINE Started monitor thread '_TimeoutMonitor'.
INFO:cherrypy.error:[31/Jan/2015:20:28:37] ENGINE Started monitor thread 'Monitor'.
INFO:cherrypy.error:[31/Jan/2015:20:28:37] ENGINE Serving on 0.0.0.0:8083
INFO:cherrypy.error:[31/Jan/2015:20:28:37] ENGINE Bus STARTED
INFO:cherrypy.error:[31/Jan/2015:20:28:47] ENGINE Restarting because /home/trevor/Public/rehydrate/node/rehydrate-node.py changed.
INFO:cherrypy.error:[31/Jan/2015:20:28:47] ENGINE Stopped thread 'Autoreloader'.
INFO:cherrypy.error:[31/Jan/2015:20:28:47] ENGINE Bus STOPPING
INFO:cherrypy.error:[31/Jan/2015:20:28:47] ENGINE HTTP Server cherrypy._cpwsgi_server.CPWSGIServer((u'0.0.0.0', 8083)) shut down
INFO:cherrypy.error:[31/Jan/2015:20:28:47] ENGINE Stopped thread 'Monitor'.
INFO:cherrypy.error:[31/Jan/2015:20:28:47] ENGINE Stopped thread '_TimeoutMonitor'.
INFO:cherrypy.error:[31/Jan/2015:20:28:47] ENGINE Bus STOPPED
INFO:cherrypy.error:[31/Jan/2015:20:28:47] ENGINE Bus EXITING
INFO:cherrypy.error:[31/Jan/2015:20:28:47] ENGINE Bus EXITED
INFO:cherrypy.error:[31/Jan/2015:20:28:47] ENGINE Waiting for child threads to terminate...
INFO:cherrypy.error:[31/Jan/2015:20:28:47] ENGINE Re-spawning rehydrate-node.py
INFO:cherrypy.error:[31/Jan/2015:20:28:47] ENGINE Listening for SIGHUP.
INFO:cherrypy.error:[31/Jan/2015:20:28:47] ENGINE Listening for SIGTERM.
INFO:cherrypy.error:[31/Jan/2015:20:28:47] ENGINE Listening for SIGUSR1.
INFO:cherrypy.error:[31/Jan/2015:20:28:47] ENGINE Bus STARTING
INFO:cherrypy.error:[31/Jan/2015:20:28:47] ENGINE Started monitor thread 'Autoreloader'.
INFO:cherrypy.error:[31/Jan/2015:20:28:47] ENGINE Started monitor thread '_TimeoutMonitor'.
INFO:cherrypy.error:[31/Jan/2015:20:28:47] ENGINE Started monitor thread 'Monitor'.
INFO:cherrypy.error:[31/Jan/2015:20:28:47] ENGINE Serving on 0.0.0.0:8083
INFO:cherrypy.error:[31/Jan/2015:20:28:47] ENGINE Bus STARTED
INFO:cherrypy.error:[31/Jan/2015:20:28:52] ENGINE Keyboard Interrupt: shutting down bus
INFO:cherrypy.error:[31/Jan/2015:20:28:52] ENGINE Bus STOPPING
INFO:cherrypy.error:[31/Jan/2015:20:28:52] ENGINE HTTP Server cherrypy._cpwsgi_server.CPWSGIServer((u'0.0.0.0', 8083)) shut down
INFO:cherrypy.error:[31/Jan/2015:20:28:52] ENGINE Stopped thread 'Monitor'.
INFO:cherrypy.error:[31/Jan/2015:20:28:52] ENGINE Stopped thread 'Autoreloader'.
INFO:cherrypy.error:[31/Jan/2015:20:28:52] ENGINE Stopped thread '_TimeoutMonitor'.
INFO:cherrypy.error:[31/Jan/2015:20:28:52] ENGINE Bus STOPPED
INFO:cherrypy.error:[31/Jan/2015:20:28:52] ENGINE Bus EXITING
INFO:cherrypy.error:[31/Jan/2015:20:28:52] ENGINE Bus EXITED
INFO:cherrypy.error:[31/Jan/2015:20:28:52] ENGINE Waiting for child threads to terminate...
INFO:cherrypy.error:[31/Jan/2015:20:28:53] ENGINE Listening for SIGHUP.
INFO:cherrypy.error:[31/Jan/2015:20:28:53] ENGINE Listening for SIGTERM.
INFO:cherrypy.error:[31/Jan/2015:20:28:53] ENGINE Listening for SIGUSR1.
INFO:cherrypy.error:[31/Jan/2015:20:28:53] ENGINE Bus STARTING
INFO:cherrypy.error:[31/Jan/2015:20:28:53] ENGINE Started monitor thread 'Autoreloader'.
INFO:cherrypy.error:[31/Jan/2015:20:28:53] ENGINE Started monitor thread '_TimeoutMonitor'.
INFO:cherrypy.error:[31/Jan/2015:20:28:53] ENGINE Started monitor thread 'Monitor'.
INFO:cherrypy.error:[31/Jan/2015:20:28:53] ENGINE Serving on 0.0.0.0:8083
INFO:cherrypy.error:[31/Jan/2015:20:28:53] ENGINE Bus STARTED
INFO:cherrypy.error:[31/Jan/2015:20:35:42] ENGINE Keyboard Interrupt: shutting down bus
INFO:cherrypy.error:[31/Jan/2015:20:35:42] ENGINE Bus STOPPING
INFO:cherrypy.error:[31/Jan/2015:20:35:42] ENGINE HTTP Server cherrypy._cpwsgi_server.CPWSGIServer((u'0.0.0.0', 8083)) shut down
INFO:cherrypy.error:[31/Jan/2015:20:35:42] ENGINE Stopped thread 'Monitor'.
INFO:cherrypy.error:[31/Jan/2015:20:35:42] ENGINE Stopped thread 'Autoreloader'.
INFO:cherrypy.error:[31/Jan/2015:20:35:42] ENGINE Stopped thread '_TimeoutMonitor'.
INFO:cherrypy.error:[31/Jan/2015:20:35:42] ENGINE Bus STOPPED
INFO:cherrypy.error:[31/Jan/2015:20:35:42] ENGINE Bus EXITING
INFO:cherrypy.error:[31/Jan/2015:20:35:42] ENGINE Bus EXITED
INFO:cherrypy.error:[31/Jan/2015:20:35:42] ENGINE Waiting for child threads to terminate...
INFO:cherrypy.error:[31/Jan/2015:20:35:43] ENGINE Listening for SIGHUP.
INFO:cherrypy.error:[31/Jan/2015:20:35:43] ENGINE Listening for SIGTERM.
INFO:cherrypy.error:[31/Jan/2015:20:35:43] ENGINE Listening for SIGUSR1.
INFO:cherrypy.error:[31/Jan/2015:20:35:43] ENGINE Bus STARTING
INFO:cherrypy.error:[31/Jan/2015:20:35:43] ENGINE Started monitor thread 'Autoreloader'.
INFO:cherrypy.error:[31/Jan/2015:20:35:43] ENGINE Started monitor thread '_TimeoutMonitor'.
INFO:cherrypy.error:[31/Jan/2015:20:35:43] ENGINE Started monitor thread 'Monitor'.
INFO:cherrypy.error:[31/Jan/2015:20:35:43] ENGINE Serving on 0.0.0.0:8083
INFO:cherrypy.error:[31/Jan/2015:20:35:43] ENGINE Bus STARTED
INFO:cherrypy.error:[31/Jan/2015:20:36:55] ENGINE Restarting because /home/trevor/Public/rehydrate/node/rehydrate-node.py changed.
INFO:cherrypy.error:[31/Jan/2015:20:36:55] ENGINE Stopped thread 'Autoreloader'.
INFO:cherrypy.error:[31/Jan/2015:20:36:55] ENGINE Bus STOPPING
INFO:cherrypy.error:[31/Jan/2015:20:36:55] ENGINE HTTP Server cherrypy._cpwsgi_server.CPWSGIServer((u'0.0.0.0', 8083)) shut down
INFO:cherrypy.error:[31/Jan/2015:20:36:55] ENGINE Stopped thread 'Monitor'.
INFO:cherrypy.error:[31/Jan/2015:20:36:55] ENGINE Stopped thread '_TimeoutMonitor'.
INFO:cherrypy.error:[31/Jan/2015:20:36:55] ENGINE Bus STOPPED
INFO:cherrypy.error:[31/Jan/2015:20:36:55] ENGINE Bus EXITING
INFO:cherrypy.error:[31/Jan/2015:20:36:55] ENGINE Bus EXITED
INFO:cherrypy.error:[31/Jan/2015:20:36:55] ENGINE Waiting for child threads to terminate...
INFO:cherrypy.error:[31/Jan/2015:20:36:55] ENGINE Re-spawning rehydrate-node.py
INFO:cherrypy.error:[31/Jan/2015:20:36:55] ENGINE Listening for SIGHUP.
INFO:cherrypy.error:[31/Jan/2015:20:36:55] ENGINE Listening for SIGTERM.
INFO:cherrypy.error:[31/Jan/2015:20:36:55] ENGINE Listening for SIGUSR1.
INFO:cherrypy.error:[31/Jan/2015:20:36:55] ENGINE Bus STARTING
INFO:cherrypy.error:[31/Jan/2015:20:36:55] ENGINE Started monitor thread 'Autoreloader'.
INFO:cherrypy.error:[31/Jan/2015:20:36:55] ENGINE Started monitor thread '_TimeoutMonitor'.
INFO:cherrypy.error:[31/Jan/2015:20:36:55] ENGINE Started monitor thread 'Monitor'.
INFO:cherrypy.error:[31/Jan/2015:20:36:56] ENGINE Serving on 0.0.0.0:8083
INFO:cherrypy.error:[31/Jan/2015:20:36:56] ENGINE Bus STARTED
INFO:cherrypy.error:[31/Jan/2015:20:37:15] ENGINE Restarting because /home/trevor/Public/rehydrate/node/rehydrate-node.py changed.
INFO:cherrypy.error:[31/Jan/2015:20:37:15] ENGINE Stopped thread 'Autoreloader'.
INFO:cherrypy.error:[31/Jan/2015:20:37:15] ENGINE Bus STOPPING
INFO:cherrypy.error:[31/Jan/2015:20:37:15] ENGINE HTTP Server cherrypy._cpwsgi_server.CPWSGIServer((u'0.0.0.0', 8083)) shut down
INFO:cherrypy.error:[31/Jan/2015:20:37:15] ENGINE Stopped thread 'Monitor'.
INFO:cherrypy.error:[31/Jan/2015:20:37:15] ENGINE Stopped thread '_TimeoutMonitor'.
INFO:cherrypy.error:[31/Jan/2015:20:37:15] ENGINE Bus STOPPED
INFO:cherrypy.error:[31/Jan/2015:20:37:15] ENGINE Bus EXITING
INFO:cherrypy.error:[31/Jan/2015:20:37:15] ENGINE Bus EXITED
INFO:cherrypy.error:[31/Jan/2015:20:37:15] ENGINE Waiting for child threads to terminate...
INFO:cherrypy.error:[31/Jan/2015:20:37:15] ENGINE Re-spawning rehydrate-node.py
INFO:cherrypy.error:[31/Jan/2015:20:37:15] ENGINE Listening for SIGHUP.
INFO:cherrypy.error:[31/Jan/2015:20:37:15] ENGINE Listening for SIGTERM.
INFO:cherrypy.error:[31/Jan/2015:20:37:15] ENGINE Listening for SIGUSR1.
INFO:cherrypy.error:[31/Jan/2015:20:37:15] ENGINE Bus STARTING
INFO:cherrypy.error:[31/Jan/2015:20:37:15] ENGINE Started monitor thread 'Autoreloader'.
INFO:cherrypy.error:[31/Jan/2015:20:37:15] ENGINE Started monitor thread '_TimeoutMonitor'.
INFO:cherrypy.error:[31/Jan/2015:20:37:15] ENGINE Started monitor thread 'Monitor'.
INFO:cherrypy.error:[31/Jan/2015:20:37:15] ENGINE Serving on 0.0.0.0:8083
INFO:cherrypy.error:[31/Jan/2015:20:37:15] ENGINE Bus STARTED
INFO:cherrypy.error:[31/Jan/2015:20:38:05] ENGINE Restarting because /home/trevor/Public/rehydrate/node/rehydrate-node.py changed.
INFO:cherrypy.error:[31/Jan/2015:20:38:05] ENGINE Stopped thread 'Autoreloader'.
INFO:cherrypy.error:[31/Jan/2015:20:38:05] ENGINE Bus STOPPING
INFO:cherrypy.error:[31/Jan/2015:20:38:05] ENGINE HTTP Server cherrypy._cpwsgi_server.CPWSGIServer((u'0.0.0.0', 8083)) shut down
INFO:cherrypy.error:[31/Jan/2015:20:38:05] ENGINE Stopped thread 'Monitor'.
INFO:cherrypy.error:[31/Jan/2015:20:38:05] ENGINE Stopped thread '_TimeoutMonitor'.
INFO:cherrypy.error:[31/Jan/2015:20:38:05] ENGINE Bus STOPPED
INFO:cherrypy.error:[31/Jan/2015:20:38:05] ENGINE Bus EXITING
INFO:cherrypy.error:[31/Jan/2015:20:38:05] ENGINE Bus EXITED
INFO:cherrypy.error:[31/Jan/2015:20:38:05] ENGINE Waiting for child threads to terminate...
INFO:cherrypy.error:[31/Jan/2015:20:38:05] ENGINE Re-spawning rehydrate-node.py
INFO:cherrypy.error:[31/Jan/2015:20:38:05] ENGINE Listening for SIGHUP.
INFO:cherrypy.error:[31/Jan/2015:20:38:05] ENGINE Listening for SIGTERM.
INFO:cherrypy.error:[31/Jan/2015:20:38:05] ENGINE Listening for SIGUSR1.
INFO:cherrypy.error:[31/Jan/2015:20:38:05] ENGINE Bus STARTING
INFO:cherrypy.error:[31/Jan/2015:20:38:05] ENGINE Started monitor thread 'Autoreloader'.
INFO:cherrypy.error:[31/Jan/2015:20:38:05] ENGINE Started monitor thread '_TimeoutMonitor'.
INFO:cherrypy.error:[31/Jan/2015:20:38:05] ENGINE Started monitor thread 'Monitor'.
INFO:cherrypy.error:[31/Jan/2015:20:38:05] ENGINE Serving on 0.0.0.0:8083
INFO:cherrypy.error:[31/Jan/2015:20:38:05] ENGINE Bus STARTED
INFO:cherrypy.error:[31/Jan/2015:20:38:07] ENGINE Restarting because /home/trevor/Public/rehydrate/node/rehydrate-node.py changed.
INFO:cherrypy.error:[31/Jan/2015:20:38:07] ENGINE Stopped thread 'Autoreloader'.
INFO:cherrypy.error:[31/Jan/2015:20:38:07] ENGINE Bus STOPPING
INFO:cherrypy.error:[31/Jan/2015:20:38:07] ENGINE HTTP Server cherrypy._cpwsgi_server.CPWSGIServer((u'0.0.0.0', 8083)) shut down
INFO:cherrypy.error:[31/Jan/2015:20:38:07] ENGINE Stopped thread 'Monitor'.
INFO:cherrypy.error:[31/Jan/2015:20:38:07] ENGINE Stopped thread '_TimeoutMonitor'.
INFO:cherrypy.error:[31/Jan/2015:20:38:07] ENGINE Bus STOPPED
INFO:cherrypy.error:[31/Jan/2015:20:38:07] ENGINE Bus EXITING
INFO:cherrypy.error:[31/Jan/2015:20:38:07] ENGINE Bus EXITED
INFO:cherrypy.error:[31/Jan/2015:20:38:07] ENGINE Waiting for child threads to terminate...
INFO:cherrypy.error:[31/Jan/2015:20:38:07] ENGINE Re-spawning rehydrate-node.py
INFO:cherrypy.error:[31/Jan/2015:20:38:07] ENGINE Listening for SIGHUP.
INFO:cherrypy.error:[31/Jan/2015:20:38:07] ENGINE Listening for SIGTERM.
INFO:cherrypy.error:[31/Jan/2015:20:38:07] ENGINE Listening for SIGUSR1.
INFO:cherrypy.error:[31/Jan/2015:20:38:07] ENGINE Bus STARTING
INFO:cherrypy.error:[31/Jan/2015:20:38:07] ENGINE Started monitor thread 'Autoreloader'.
INFO:cherrypy.error:[31/Jan/2015:20:38:07] ENGINE Started monitor thread '_TimeoutMonitor'.
INFO:cherrypy.error:[31/Jan/2015:20:38:07] ENGINE Started monitor thread 'Monitor'.
INFO:cherrypy.error:[31/Jan/2015:20:38:07] ENGINE Serving on 0.0.0.0:8083
INFO:cherrypy.error:[31/Jan/2015:20:38:07] ENGINE Bus STARTED
INFO:cherrypy.error:[31/Jan/2015:20:38:54] ENGINE Restarting because /home/trevor/Public/rehydrate/node/rehydrate-node.py changed.
INFO:cherrypy.error:[31/Jan/2015:20:38:54] ENGINE Stopped thread 'Autoreloader'.
INFO:cherrypy.error:[31/Jan/2015:20:38:54] ENGINE Bus STOPPING
INFO:cherrypy.error:[31/Jan/2015:20:38:54] ENGINE HTTP Server cherrypy._cpwsgi_server.CPWSGIServer((u'0.0.0.0', 8083)) shut down
INFO:cherrypy.error:[31/Jan/2015:20:38:54] ENGINE Stopped thread 'Monitor'.
INFO:cherrypy.error:[31/Jan/2015:20:38:54] ENGINE Stopped thread '_TimeoutMonitor'.
INFO:cherrypy.error:[31/Jan/2015:20:38:54] ENGINE Bus STOPPED
INFO:cherrypy.error:[31/Jan/2015:20:38:54] ENGINE Bus EXITING
INFO:cherrypy.error:[31/Jan/2015:20:38:54] ENGINE Bus EXITED
INFO:cherrypy.error:[31/Jan/2015:20:38:54] ENGINE Waiting for child threads to terminate...
INFO:cherrypy.error:[31/Jan/2015:20:38:54] ENGINE Re-spawning rehydrate-node.py
INFO:cherrypy.error:[31/Jan/2015:20:38:54] ENGINE Listening for SIGHUP.
INFO:cherrypy.error:[31/Jan/2015:20:38:54] ENGINE Listening for SIGTERM.
INFO:cherrypy.error:[31/Jan/2015:20:38:54] ENGINE Listening for SIGUSR1.
INFO:cherrypy.error:[31/Jan/2015:20:38:54] ENGINE Bus STARTING
INFO:cherrypy.error:[31/Jan/2015:20:38:54] ENGINE Started monitor thread 'Autoreloader'.
INFO:cherrypy.error:[31/Jan/2015:20:38:54] ENGINE Started monitor thread '_TimeoutMonitor'.
INFO:cherrypy.error:[31/Jan/2015:20:38:54] ENGINE Started monitor thread 'Monitor'.
INFO:cherrypy.error:[31/Jan/2015:20:38:54] ENGINE Serving on 0.0.0.0:8083
INFO:cherrypy.error:[31/Jan/2015:20:38:54] ENGINE Bus STARTED
INFO:cherrypy.error:[31/Jan/2015:20:39:20] ENGINE Restarting because /home/trevor/Public/rehydrate/node/rehydrate-node.py changed.
INFO:cherrypy.error:[31/Jan/2015:20:39:20] ENGINE Stopped thread 'Autoreloader'.
INFO:cherrypy.error:[31/Jan/2015:20:39:20] ENGINE Bus STOPPING
INFO:cherrypy.error:[31/Jan/2015:20:39:20] ENGINE HTTP Server cherrypy._cpwsgi_server.CPWSGIServer((u'0.0.0.0', 8083)) shut down
INFO:cherrypy.error:[31/Jan/2015:20:39:20] ENGINE Stopped thread 'Monitor'.
INFO:cherrypy.error:[31/Jan/2015:20:39:20] ENGINE Stopped thread '_TimeoutMonitor'.
INFO:cherrypy.error:[31/Jan/2015:20:39:20] ENGINE Bus STOPPED
INFO:cherrypy.error:[31/Jan/2015:20:39:20] ENGINE Bus EXITING
INFO:cherrypy.error:[31/Jan/2015:20:39:20] ENGINE Waiting for child threads to terminate...
INFO:cherrypy.error:[31/Jan/2015:20:39:20] ENGINE Bus EXITED
INFO:cherrypy.error:[31/Jan/2015:20:39:20] ENGINE Re-spawning rehydrate-node.py
INFO:cherrypy.error:[31/Jan/2015:20:39:20] ENGINE Listening for SIGHUP.
INFO:cherrypy.error:[31/Jan/2015:20:39:20] ENGINE Listening for SIGTERM.
INFO:cherrypy.error:[31/Jan/2015:20:39:20] ENGINE Listening for SIGUSR1.
INFO:cherrypy.error:[31/Jan/2015:20:39:20] ENGINE Bus STARTING
INFO:cherrypy.error:[31/Jan/2015:20:39:20] ENGINE Started monitor thread 'Autoreloader'.
INFO:cherrypy.error:[31/Jan/2015:20:39:20] ENGINE Started monitor thread '_TimeoutMonitor'.
INFO:cherrypy.error:[31/Jan/2015:20:39:20] ENGINE Started monitor thread 'Monitor'.
INFO:cherrypy.error:[31/Jan/2015:20:39:20] ENGINE Serving on 0.0.0.0:8083
INFO:cherrypy.error:[31/Jan/2015:20:39:20] ENGINE Bus STARTED
INFO:cherrypy.error:[31/Jan/2015:20:41:34] ENGINE Restarting because /home/trevor/Public/rehydrate/node/rehydrate-node.py changed.
INFO:cherrypy.error:[31/Jan/2015:20:41:34] ENGINE Stopped thread 'Autoreloader'.
INFO:cherrypy.error:[31/Jan/2015:20:41:34] ENGINE Bus STOPPING
INFO:cherrypy.error:[31/Jan/2015:20:41:34] ENGINE HTTP Server cherrypy._cpwsgi_server.CPWSGIServer((u'0.0.0.0', 8083)) shut down
INFO:cherrypy.error:[31/Jan/2015:20:41:34] ENGINE Stopped thread 'Monitor'.
INFO:cherrypy.error:[31/Jan/2015:20:41:34] ENGINE Stopped thread '_TimeoutMonitor'.
INFO:cherrypy.error:[31/Jan/2015:20:41:34] ENGINE Bus STOPPED
INFO:cherrypy.error:[31/Jan/2015:20:41:34] ENGINE Bus EXITING
INFO:cherrypy.error:[31/Jan/2015:20:41:34] ENGINE Bus EXITED
INFO:cherrypy.error:[31/Jan/2015:20:41:34] ENGINE Waiting for child threads to terminate...
INFO:cherrypy.error:[31/Jan/2015:20:41:34] ENGINE Re-spawning rehydrate-node.py
INFO:cherrypy.error:[31/Jan/2015:20:41:34] ENGINE Listening for SIGHUP.
INFO:cherrypy.error:[31/Jan/2015:20:41:34] ENGINE Listening for SIGTERM.
INFO:cherrypy.error:[31/Jan/2015:20:41:34] ENGINE Listening for SIGUSR1.
INFO:cherrypy.error:[31/Jan/2015:20:41:34] ENGINE Bus STARTING
INFO:cherrypy.error:[31/Jan/2015:20:41:34] ENGINE Started monitor thread 'Monitor'.
INFO:cherrypy.error:[31/Jan/2015:20:41:34] ENGINE Started monitor thread '_TimeoutMonitor'.
INFO:cherrypy.error:[31/Jan/2015:20:41:34] ENGINE Started monitor thread 'Autoreloader'.
INFO:cherrypy.error:[31/Jan/2015:20:41:34] ENGINE Serving on 0.0.0.0:8083
INFO:cherrypy.error:[31/Jan/2015:20:41:34] ENGINE Bus STARTED
INFO:cherrypy.error:[31/Jan/2015:20:41:54] ENGINE Restarting because /home/trevor/Public/rehydrate/node/rehydrate-node.py changed.
INFO:cherrypy.error:[31/Jan/2015:20:41:54] ENGINE Stopped thread 'Autoreloader'.
INFO:cherrypy.error:[31/Jan/2015:20:41:54] ENGINE Bus STOPPING
INFO:cherrypy.error:[31/Jan/2015:20:41:54] ENGINE HTTP Server cherrypy._cpwsgi_server.CPWSGIServer((u'0.0.0.0', 8083)) shut down
INFO:cherrypy.error:[31/Jan/2015:20:41:54] ENGINE Stopped thread '_TimeoutMonitor'.
INFO:cherrypy.error:[31/Jan/2015:20:41:54] ENGINE Stopped thread 'Monitor'.
INFO:cherrypy.error:[31/Jan/2015:20:41:54] ENGINE Bus STOPPED
INFO:cherrypy.error:[31/Jan/2015:20:41:54] ENGINE Bus EXITING
INFO:cherrypy.error:[31/Jan/2015:20:41:54] ENGINE Bus EXITED
INFO:cherrypy.error:[31/Jan/2015:20:41:54] ENGINE Waiting for child threads to terminate...
INFO:cherrypy.error:[31/Jan/2015:20:41:54] ENGINE Re-spawning rehydrate-node.py
INFO:cherrypy.error:[31/Jan/2015:20:41:54] ENGINE Listening for SIGHUP.
INFO:cherrypy.error:[31/Jan/2015:20:41:54] ENGINE Listening for SIGTERM.
INFO:cherrypy.error:[31/Jan/2015:20:41:54] ENGINE Listening for SIGUSR1.
INFO:cherrypy.error:[31/Jan/2015:20:41:54] ENGINE Bus STARTING
INFO:cherrypy.error:[31/Jan/2015:20:41:54] ENGINE Started monitor thread 'Autoreloader'.
INFO:cherrypy.error:[31/Jan/2015:20:41:54] ENGINE Started monitor thread '_TimeoutMonitor'.
INFO:cherrypy.error:[31/Jan/2015:20:41:54] ENGINE Started monitor thread 'Monitor'.
INFO:cherrypy.error:[31/Jan/2015:20:41:54] ENGINE Serving on 0.0.0.0:8083
INFO:cherrypy.error:[31/Jan/2015:20:41:54] ENGINE Bus STARTED
INFO:cherrypy.error:[31/Jan/2015:20:45:08] ENGINE Restarting because /home/trevor/Public/rehydrate/node/rehydrate-node.py changed.
INFO:cherrypy.error:[31/Jan/2015:20:45:08] ENGINE Stopped thread 'Autoreloader'.
INFO:cherrypy.error:[31/Jan/2015:20:45:08] ENGINE Bus STOPPING
INFO:cherrypy.error:[31/Jan/2015:20:45:08] ENGINE HTTP Server cherrypy._cpwsgi_server.CPWSGIServer((u'0.0.0.0', 8083)) shut down
INFO:cherrypy.error:[31/Jan/2015:20:45:08] ENGINE Stopped thread '_TimeoutMonitor'.
INFO:cherrypy.error:[31/Jan/2015:20:45:08] ENGINE Stopped thread 'Monitor'.
INFO:cherrypy.error:[31/Jan/2015:20:45:08] ENGINE Bus STOPPED
INFO:cherrypy.error:[31/Jan/2015:20:45:08] ENGINE Bus EXITING
INFO:cherrypy.error:[31/Jan/2015:20:45:08] ENGINE Bus EXITED
INFO:cherrypy.error:[31/Jan/2015:20:45:08] ENGINE Waiting for child threads to terminate...
INFO:cherrypy.error:[31/Jan/2015:20:45:08] ENGINE Re-spawning rehydrate-node.py
INFO:cherrypy.error:[31/Jan/2015:20:48:31] ENGINE Listening for SIGHUP.
INFO:cherrypy.error:[31/Jan/2015:20:48:31] ENGINE Listening for SIGTERM.
INFO:cherrypy.error:[31/Jan/2015:20:48:31] ENGINE Listening for SIGUSR1.
INFO:cherrypy.error:[31/Jan/2015:20:48:31] ENGINE Bus STARTING
INFO:cherrypy.error:[31/Jan/2015:20:48:31] ENGINE Started monitor thread 'Autoreloader'.
INFO:cherrypy.error:[31/Jan/2015:20:48:31] ENGINE Started monitor thread '_TimeoutMonitor'.
INFO:cherrypy.error:[31/Jan/2015:20:48:31] ENGINE Started monitor thread 'Monitor'.
INFO:cherrypy.error:[31/Jan/2015:20:48:31] ENGINE Serving on 0.0.0.0:8083
INFO:cherrypy.error:[31/Jan/2015:20:48:31] ENGINE Bus STARTED
INFO:cherrypy.error:[31/Jan/2015:20:48:41] ENGINE Keyboard Interrupt: shutting down bus
INFO:cherrypy.error:[31/Jan/2015:20:48:41] ENGINE Bus STOPPING
INFO:cherrypy.error:[31/Jan/2015:20:48:41] ENGINE HTTP Server cherrypy._cpwsgi_server.CPWSGIServer((u'0.0.0.0', 8083)) shut down
INFO:cherrypy.error:[31/Jan/2015:20:48:41] ENGINE Stopped thread '_TimeoutMonitor'.
INFO:cherrypy.error:[31/Jan/2015:20:48:41] ENGINE Stopped thread 'Autoreloader'.
INFO:cherrypy.error:[31/Jan/2015:20:48:41] ENGINE Stopped thread 'Monitor'.
INFO:cherrypy.error:[31/Jan/2015:20:48:41] ENGINE Bus STOPPED
INFO:cherrypy.error:[31/Jan/2015:20:48:41] ENGINE Bus EXITING
INFO:cherrypy.error:[31/Jan/2015:20:48:41] ENGINE Bus EXITED
INFO:cherrypy.error:[31/Jan/2015:20:48:41] ENGINE Waiting for child threads to terminate...
INFO:cherrypy.error:[31/Jan/2015:20:49:52] ENGINE Listening for SIGHUP.
INFO:cherrypy.error:[31/Jan/2015:20:49:52] ENGINE Listening for SIGTERM.
INFO:cherrypy.error:[31/Jan/2015:20:49:52] ENGINE Listening for SIGUSR1.
INFO:cherrypy.error:[31/Jan/2015:20:49:52] ENGINE Bus STARTING
INFO:cherrypy.error:[31/Jan/2015:20:49:52] ENGINE Started monitor thread 'Autoreloader'.
INFO:cherrypy.error:[31/Jan/2015:20:49:52] ENGINE Started monitor thread '_TimeoutMonitor'.
INFO:cherrypy.error:[31/Jan/2015:20:49:52] ENGINE Started monitor thread 'Monitor'.
INFO:cherrypy.error:[31/Jan/2015:20:49:52] ENGINE Serving on 0.0.0.0:8083
INFO:cherrypy.error:[31/Jan/2015:20:49:52] ENGINE Bus STARTED
INFO:cherrypy.error:[31/Jan/2015:20:49:59] ENGINE Keyboard Interrupt: shutting down bus
INFO:cherrypy.error:[31/Jan/2015:20:49:59] ENGINE Bus STOPPING
INFO:cherrypy.error:[31/Jan/2015:20:49:59] ENGINE HTTP Server cherrypy._cpwsgi_server.CPWSGIServer((u'0.0.0.0', 8083)) shut down
INFO:cherrypy.error:[31/Jan/2015:20:49:59] ENGINE Stopped thread '_TimeoutMonitor'.
INFO:cherrypy.error:[31/Jan/2015:20:49:59] ENGINE Stopped thread 'Autoreloader'.
INFO:cherrypy.error:[31/Jan/2015:20:49:59] ENGINE Stopped thread 'Monitor'.
INFO:cherrypy.error:[31/Jan/2015:20:49:59] ENGINE Bus STOPPED
INFO:cherrypy.error:[31/Jan/2015:20:49:59] ENGINE Bus EXITING
INFO:cherrypy.error:[31/Jan/2015:20:49:59] ENGINE Bus EXITED
INFO:cherrypy.error:[31/Jan/2015:20:49:59] ENGINE Waiting for child threads to terminate...
INFO:cherrypy.error:[31/Jan/2015:20:52:10] ENGINE Listening for SIGHUP.
INFO:cherrypy.error:[31/Jan/2015:20:52:10] ENGINE Listening for SIGTERM.
INFO:cherrypy.error:[31/Jan/2015:20:52:10] ENGINE Listening for SIGUSR1.
INFO:cherrypy.error:[31/Jan/2015:20:52:10] ENGINE Bus STARTING
INFO:cherrypy.error:[31/Jan/2015:20:52:10] ENGINE Started monitor thread 'Autoreloader'.
INFO:cherrypy.error:[31/Jan/2015:20:52:10] ENGINE Started monitor thread 'Monitor'.
INFO:cherrypy.error:[31/Jan/2015:20:52:10] ENGINE Started monitor thread '_TimeoutMonitor'.
INFO:cherrypy.error:[31/Jan/2015:20:52:10] ENGINE Serving on 0.0.0.0:8083
INFO:cherrypy.error:[31/Jan/2015:20:52:10] ENGINE Bus STARTED
INFO:cherrypy.error:[31/Jan/2015:20:52:29] ENGINE Keyboard Interrupt: shutting down bus
INFO:cherrypy.error:[31/Jan/2015:20:52:29] ENGINE Bus STOPPING
INFO:cherrypy.error:[31/Jan/2015:20:52:29] ENGINE HTTP Server cherrypy._cpwsgi_server.CPWSGIServer((u'0.0.0.0', 8083)) shut down
INFO:cherrypy.error:[31/Jan/2015:20:52:29] ENGINE Stopped thread '_TimeoutMonitor'.
INFO:cherrypy.error:[31/Jan/2015:20:52:29] ENGINE Stopped thread 'Monitor'.
INFO:cherrypy.error:[31/Jan/2015:20:52:29] ENGINE Stopped thread 'Autoreloader'.
INFO:cherrypy.error:[31/Jan/2015:20:52:29] ENGINE Bus STOPPED
INFO:cherrypy.error:[31/Jan/2015:20:52:29] ENGINE Bus EXITING
INFO:cherrypy.error:[31/Jan/2015:20:52:29] ENGINE Bus EXITED
INFO:cherrypy.error:[31/Jan/2015:20:52:29] ENGINE Waiting for child threads to terminate...
INFO:cherrypy.error:[31/Jan/2015:20:52:51] ENGINE Listening for SIGHUP.
INFO:cherrypy.error:[31/Jan/2015:20:52:51] ENGINE Listening for SIGTERM.
INFO:cherrypy.error:[31/Jan/2015:20:52:51] ENGINE Listening for SIGUSR1.
INFO:cherrypy.error:[31/Jan/2015:20:52:51] ENGINE Bus STARTING
INFO:cherrypy.error:[31/Jan/2015:20:52:51] ENGINE Started monitor thread 'Monitor'.
INFO:cherrypy.error:[31/Jan/2015:20:52:51] ENGINE Started monitor thread 'Autoreloader'.
INFO:cherrypy.error:[31/Jan/2015:20:52:51] ENGINE Started monitor thread '_TimeoutMonitor'.
INFO:cherrypy.error:[31/Jan/2015:20:52:51] ENGINE Started monitor thread 'Monitor'.
INFO:cherrypy.error:[31/Jan/2015:20:52:51] ENGINE Started monitor thread 'Monitor'.
INFO:cherrypy.error:[31/Jan/2015:20:52:51] ENGINE Serving on 0.0.0.0:8083
INFO:cherrypy.error:[31/Jan/2015:20:52:51] ENGINE Bus STARTED
INFO:cherrypy.error:[31/Jan/2015:20:53:01] ENGINE Keyboard Interrupt: shutting down bus
INFO:cherrypy.error:[31/Jan/2015:20:53:01] ENGINE Bus STOPPING
INFO:cherrypy.error:[31/Jan/2015:20:53:01] ENGINE HTTP Server cherrypy._cpwsgi_server.CPWSGIServer((u'0.0.0.0', 8083)) shut down
INFO:cherrypy.error:[31/Jan/2015:20:53:01] ENGINE Stopped thread 'Autoreloader'.
INFO:cherrypy.error:[31/Jan/2015:20:53:01] ENGINE Stopped thread 'Monitor'.
INFO:cherrypy.error:[31/Jan/2015:20:53:01] ENGINE Stopped thread '_TimeoutMonitor'.
INFO:cherrypy.error:[31/Jan/2015:20:53:01] ENGINE Stopped thread 'Monitor'.
INFO:cherrypy.error:[31/Jan/2015:20:53:01] ENGINE Stopped thread 'Monitor'.
INFO:cherrypy.error:[31/Jan/2015:20:53:01] ENGINE Bus STOPPED
INFO:cherrypy.error:[31/Jan/2015:20:53:01] ENGINE Bus EXITING
INFO:cherrypy.error:[31/Jan/2015:20:53:01] ENGINE Bus EXITED
INFO:cherrypy.error:[31/Jan/2015:20:53:01] ENGINE Waiting for child threads to terminate...
INFO:cherrypy.error:[31/Jan/2015:20:53:01] ENGINE Listening for SIGHUP.
INFO:cherrypy.error:[31/Jan/2015:20:53:01] ENGINE Listening for SIGTERM.
INFO:cherrypy.error:[31/Jan/2015:20:53:01] ENGINE Listening for SIGUSR1.
INFO:cherrypy.error:[31/Jan/2015:20:53:01] ENGINE Bus STARTING
INFO:cherrypy.error:[31/Jan/2015:20:53:01] ENGINE Started monitor thread 'Monitor'.
INFO:cherrypy.error:[31/Jan/2015:20:53:01] ENGINE Started monitor thread 'Autoreloader'.
INFO:cherrypy.error:[31/Jan/2015:20:53:01] ENGINE Started monitor thread '_TimeoutMonitor'.
INFO:cherrypy.error:[31/Jan/2015:20:53:01] ENGINE Started monitor thread 'Monitor'.
INFO:cherrypy.error:[31/Jan/2015:20:53:01] ENGINE Started monitor thread 'Monitor'.
INFO:cherrypy.error:[31/Jan/2015:20:53:01] ENGINE Serving on 0.0.0.0:8083
INFO:cherrypy.error:[31/Jan/2015:20:53:01] ENGINE Bus STARTED
INFO:cherrypy.error:[31/Jan/2015:20:53:11] ENGINE Keyboard Interrupt: shutting down bus
INFO:cherrypy.error:[31/Jan/2015:20:53:11] ENGINE Bus STOPPING
INFO:cherrypy.error:[31/Jan/2015:20:53:11] ENGINE HTTP Server cherrypy._cpwsgi_server.CPWSGIServer((u'0.0.0.0', 8083)) shut down
INFO:cherrypy.error:[31/Jan/2015:20:53:11] ENGINE Stopped thread 'Autoreloader'.
INFO:cherrypy.error:[31/Jan/2015:20:53:11] ENGINE Stopped thread 'Monitor'.
INFO:cherrypy.error:[31/Jan/2015:20:53:11] ENGINE Stopped thread '_TimeoutMonitor'.
INFO:cherrypy.error:[31/Jan/2015:20:53:11] ENGINE Stopped thread 'Monitor'.
INFO:cherrypy.error:[31/Jan/2015:20:53:11] ENGINE Stopped thread 'Monitor'.
INFO:cherrypy.error:[31/Jan/2015:20:53:11] ENGINE Bus STOPPED
INFO:cherrypy.error:[31/Jan/2015:20:53:11] ENGINE Bus EXITING
INFO:cherrypy.error:[31/Jan/2015:20:53:11] ENGINE Bus EXITED
INFO:cherrypy.error:[31/Jan/2015:20:53:11] ENGINE Waiting for child threads to terminate...
INFO:cherrypy.error:[31/Jan/2015:20:53:30] ENGINE Listening for SIGHUP.
INFO:cherrypy.error:[31/Jan/2015:20:53:30] ENGINE Listening for SIGTERM.
INFO:cherrypy.error:[31/Jan/2015:20:53:30] ENGINE Listening for SIGUSR1.
INFO:cherrypy.error:[31/Jan/2015:20:53:30] ENGINE Bus STARTING
INFO:cherrypy.error:[31/Jan/2015:20:53:30] ENGINE Started monitor thread 'Monitor'.
INFO:cherrypy.error:[31/Jan/2015:20:53:30] ENGINE Started monitor thread 'Autoreloader'.
INFO:cherrypy.error:[31/Jan/2015:20:53:30] ENGINE Started monitor thread '_TimeoutMonitor'.
INFO:cherrypy.error:[31/Jan/2015:20:53:30] ENGINE Started monitor thread 'Monitor'.
INFO:cherrypy.error:[31/Jan/2015:20:53:30] ENGINE Serving on 0.0.0.0:8083
INFO:cherrypy.error:[31/Jan/2015:20:53:30] ENGINE Bus STARTED
INFO:cherrypy.error:[31/Jan/2015:20:56:10] ENGINE Restarting because /home/trevor/Public/rehydrate/node/rehydrate-node.py changed.
INFO:cherrypy.error:[31/Jan/2015:20:56:10] ENGINE Stopped thread 'Autoreloader'.
INFO:cherrypy.error:[31/Jan/2015:20:56:10] ENGINE Bus STOPPING
INFO:cherrypy.error:[31/Jan/2015:20:56:10] ENGINE HTTP Server cherrypy._cpwsgi_server.CPWSGIServer((u'0.0.0.0', 8083)) shut down
INFO:cherrypy.error:[31/Jan/2015:20:56:10] ENGINE Stopped thread 'Monitor'.
INFO:cherrypy.error:[31/Jan/2015:20:56:10] ENGINE Stopped thread '_TimeoutMonitor'.
INFO:cherrypy.error:[31/Jan/2015:20:56:10] ENGINE Stopped thread 'Monitor'.
INFO:cherrypy.error:[31/Jan/2015:20:56:10] ENGINE Bus STOPPED
INFO:cherrypy.error:[31/Jan/2015:20:56:10] ENGINE Bus EXITING
INFO:cherrypy.error:[31/Jan/2015:20:56:10] ENGINE Bus EXITED
INFO:cherrypy.error:[31/Jan/2015:20:56:10] ENGINE Waiting for child threads to terminate...
INFO:cherrypy.error:[31/Jan/2015:20:56:10] ENGINE Re-spawning rehydrate-node.py
INFO:cherrypy.error:[31/Jan/2015:20:56:11] ENGINE Listening for SIGHUP.
INFO:cherrypy.error:[31/Jan/2015:20:56:11] ENGINE Listening for SIGTERM.
INFO:cherrypy.error:[31/Jan/2015:20:56:11] ENGINE Listening for SIGUSR1.
INFO:cherrypy.error:[31/Jan/2015:20:56:11] ENGINE Bus STARTING
INFO:cherrypy.error:[31/Jan/2015:20:56:11] ENGINE Started monitor thread '_TimeoutMonitor'.
INFO:cherrypy.error:[31/Jan/2015:20:56:11] ENGINE Started monitor thread 'Monitor'.
INFO:cherrypy.error:[31/Jan/2015:20:56:11] ENGINE Started monitor thread 'Autoreloader'.
INFO:cherrypy.error:[31/Jan/2015:20:56:11] ENGINE Started monitor thread 'Monitor'.
INFO:cherrypy.error:[31/Jan/2015:20:56:11] ENGINE Serving on 0.0.0.0:8083
INFO:cherrypy.error:[31/Jan/2015:20:56:11] ENGINE Bus STARTED
INFO:cherrypy.error:[31/Jan/2015:20:56:59] ENGINE Restarting because /home/trevor/Public/rehydrate/node/rehydrate-node.py changed.
INFO:cherrypy.error:[31/Jan/2015:20:56:59] ENGINE Stopped thread 'Autoreloader'.
INFO:cherrypy.error:[31/Jan/2015:20:56:59] ENGINE Bus STOPPING
INFO:cherrypy.error:[31/Jan/2015:20:56:59] ENGINE HTTP Server cherrypy._cpwsgi_server.CPWSGIServer((u'0.0.0.0', 8083)) shut down
INFO:cherrypy.error:[31/Jan/2015:20:56:59] ENGINE Stopped thread 'Monitor'.
INFO:cherrypy.error:[31/Jan/2015:20:56:59] ENGINE Stopped thread '_TimeoutMonitor'.
INFO:cherrypy.error:[31/Jan/2015:20:56:59] ENGINE Stopped thread 'Monitor'.
INFO:cherrypy.error:[31/Jan/2015:20:56:59] ENGINE Bus STOPPED
INFO:cherrypy.error:[31/Jan/2015:20:56:59] ENGINE Bus EXITING
INFO:cherrypy.error:[31/Jan/2015:20:56:59] ENGINE Bus EXITED
INFO:cherrypy.error:[31/Jan/2015:20:56:59] ENGINE Waiting for child threads to terminate...
INFO:cherrypy.error:[31/Jan/2015:20:56:59] ENGINE Re-spawning rehydrate-node.py
INFO:cherrypy.error:[31/Jan/2015:20:59:46] ENGINE Listening for SIGHUP.
INFO:cherrypy.error:[31/Jan/2015:20:59:46] ENGINE Listening for SIGTERM.
INFO:cherrypy.error:[31/Jan/2015:20:59:46] ENGINE Listening for SIGUSR1.
INFO:cherrypy.error:[31/Jan/2015:20:59:46] ENGINE Bus STARTING
INFO:cherrypy.error:[31/Jan/2015:20:59:46] ENGINE Started monitor thread 'Monitor'.
INFO:cherrypy.error:[31/Jan/2015:20:59:46] ENGINE Started monitor thread 'Autoreloader'.
INFO:cherrypy.error:[31/Jan/2015:20:59:46] ENGINE Started monitor thread '_TimeoutMonitor'.
INFO:cherrypy.error:[31/Jan/2015:20:59:46] ENGINE Serving on 0.0.0.0:8083
INFO:cherrypy.error:[31/Jan/2015:20:59:46] ENGINE Bus STARTED
INFO:cherrypy.error:[31/Jan/2015:21:00:26] ENGINE Keyboard Interrupt: shutting down bus
INFO:cherrypy.error:[31/Jan/2015:21:00:26] ENGINE Bus STOPPING
INFO:cherrypy.error:[31/Jan/2015:21:00:26] ENGINE HTTP Server cherrypy._cpwsgi_server.CPWSGIServer((u'0.0.0.0', 8083)) shut down
INFO:cherrypy.error:[31/Jan/2015:21:00:26] ENGINE Stopped thread '_TimeoutMonitor'.
INFO:cherrypy.error:[31/Jan/2015:21:00:26] ENGINE Stopped thread 'Autoreloader'.
INFO:cherrypy.error:[31/Jan/2015:21:00:26] ENGINE Stopped thread 'Monitor'.
INFO:cherrypy.error:[31/Jan/2015:21:00:26] ENGINE Bus STOPPED
INFO:cherrypy.error:[31/Jan/2015:21:00:26] ENGINE Bus EXITING
INFO:cherrypy.error:[31/Jan/2015:21:00:26] ENGINE Bus EXITED
INFO:cherrypy.error:[31/Jan/2015:21:00:26] ENGINE Waiting for child threads to terminate...
INFO:cherrypy.error:[31/Jan/2015:21:06:01] ENGINE Listening for SIGHUP.
INFO:cherrypy.error:[31/Jan/2015:21:06:01] ENGINE Listening for SIGTERM.
INFO:cherrypy.error:[31/Jan/2015:21:06:01] ENGINE Listening for SIGUSR1.
INFO:cherrypy.error:[31/Jan/2015:21:06:01] ENGINE Bus STARTING
INFO:cherrypy.error:[31/Jan/2015:21:06:01] ENGINE Started monitor thread 'Monitor'.
INFO:cherrypy.error:[31/Jan/2015:21:06:01] ENGINE Started monitor thread 'Autoreloader'.
INFO:cherrypy.error:[31/Jan/2015:21:06:01] ENGINE Started monitor thread '_TimeoutMonitor'.
INFO:cherrypy.error:[31/Jan/2015:21:06:01] ENGINE Serving on 0.0.0.0:8083
INFO:cherrypy.error:[31/Jan/2015:21:06:01] ENGINE Bus STARTED
INFO:cherrypy.error:[31/Jan/2015:21:08:35] ENGINE Keyboard Interrupt: shutting down bus
INFO:cherrypy.error:[31/Jan/2015:21:08:35] ENGINE Bus STOPPING
INFO:cherrypy.error:[31/Jan/2015:21:08:35] ENGINE HTTP Server cherrypy._cpwsgi_server.CPWSGIServer((u'0.0.0.0', 8083)) shut down
INFO:cherrypy.error:[31/Jan/2015:21:08:35] ENGINE Stopped thread '_TimeoutMonitor'.
INFO:cherrypy.error:[31/Jan/2015:21:08:35] ENGINE Stopped thread 'Autoreloader'.
INFO:cherrypy.error:[31/Jan/2015:21:08:35] ENGINE Stopped thread 'Monitor'.
INFO:cherrypy.error:[31/Jan/2015:21:08:35] ENGINE Bus STOPPED
INFO:cherrypy.error:[31/Jan/2015:21:08:35] ENGINE Bus EXITING
INFO:cherrypy.error:[31/Jan/2015:21:08:35] ENGINE Bus EXITED
INFO:cherrypy.error:[31/Jan/2015:21:08:35] ENGINE Waiting for child threads to terminate...
INFO:cherrypy.error:[31/Jan/2015:22:10:00] ENGINE Listening for SIGHUP.
INFO:cherrypy.error:[31/Jan/2015:22:10:00] ENGINE Listening for SIGTERM.
INFO:cherrypy.error:[31/Jan/2015:22:10:00] ENGINE Listening for SIGUSR1.
INFO:cherrypy.error:[31/Jan/2015:22:10:00] ENGINE Bus STARTING
INFO:cherrypy.error:[31/Jan/2015:22:10:00] ENGINE Started monitor thread 'Autoreloader'.
INFO:cherrypy.error:[31/Jan/2015:22:10:00] ENGINE Started monitor thread '_TimeoutMonitor'.
INFO:cherrypy.error:[31/Jan/2015:22:10:00] ENGINE Started monitor thread 'Monitor'.
INFO:cherrypy.error:[31/Jan/2015:22:10:00] ENGINE Serving on 0.0.0.0:8083
INFO:cherrypy.error:[31/Jan/2015:22:10:00] ENGINE Bus STARTED
INFO:cherrypy.error:[31/Jan/2015:22:10:06] ENGINE Keyboard Interrupt: shutting down bus
INFO:cherrypy.error:[31/Jan/2015:22:10:06] ENGINE Bus STOPPING
INFO:cherrypy.error:[31/Jan/2015:22:10:06] ENGINE HTTP Server cherrypy._cpwsgi_server.CPWSGIServer((u'0.0.0.0', 8083)) shut down
INFO:cherrypy.error:[31/Jan/2015:22:10:06] ENGINE Stopped thread '_TimeoutMonitor'.
INFO:cherrypy.error:[31/Jan/2015:22:10:06] ENGINE Stopped thread 'Monitor'.
INFO:cherrypy.error:[31/Jan/2015:22:10:06] ENGINE Stopped thread 'Autoreloader'.
INFO:cherrypy.error:[31/Jan/2015:22:10:06] ENGINE Bus STOPPED
INFO:cherrypy.error:[31/Jan/2015:22:10:06] ENGINE Bus EXITING
INFO:cherrypy.error:[31/Jan/2015:22:10:06] ENGINE Bus EXITED
INFO:cherrypy.error:[31/Jan/2015:22:10:06] ENGINE Waiting for child threads to terminate...
INFO:cherrypy.error:[31/Jan/2015:22:11:38] ENGINE Listening for SIGHUP.
INFO:cherrypy.error:[31/Jan/2015:22:11:38] ENGINE Listening for SIGTERM.
INFO:cherrypy.error:[31/Jan/2015:22:11:38] ENGINE Listening for SIGUSR1.
INFO:cherrypy.error:[31/Jan/2015:22:11:38] ENGINE Bus STARTING
INFO:cherrypy.error:[31/Jan/2015:22:11:38] ENGINE Started monitor thread 'Monitor'.
INFO:cherrypy.error:[31/Jan/2015:22:11:38] ENGINE Started monitor thread 'Autoreloader'.
INFO:cherrypy.error:[31/Jan/2015:22:11:38] ENGINE Started monitor thread '_TimeoutMonitor'.
INFO:cherrypy.error:[31/Jan/2015:22:11:38] ENGINE Serving on 0.0.0.0:8083
INFO:cherrypy.error:[31/Jan/2015:22:11:38] ENGINE Bus STARTED
INFO:cherrypy.error:[31/Jan/2015:22:11:54] ENGINE Keyboard Interrupt: shutting down bus
INFO:cherrypy.error:[31/Jan/2015:22:11:54] ENGINE Bus STOPPING
INFO:cherrypy.error:[31/Jan/2015:22:11:54] ENGINE HTTP Server cherrypy._cpwsgi_server.CPWSGIServer((u'0.0.0.0', 8083)) shut down
INFO:cherrypy.error:[31/Jan/2015:22:11:54] ENGINE Stopped thread '_TimeoutMonitor'.
INFO:cherrypy.error:[31/Jan/2015:22:11:54] ENGINE Stopped thread 'Autoreloader'.
INFO:cherrypy.error:[31/Jan/2015:22:11:54] ENGINE Stopped thread 'Monitor'.
INFO:cherrypy.error:[31/Jan/2015:22:11:54] ENGINE Bus STOPPED
INFO:cherrypy.error:[31/Jan/2015:22:11:54] ENGINE Bus EXITING
INFO:cherrypy.error:[31/Jan/2015:22:11:54] ENGINE Bus EXITED
INFO:cherrypy.error:[31/Jan/2015:22:11:54] ENGINE Waiting for child threads to terminate...
