INFO:cherrypy.error:[06/Feb/2015:02:45:09] ENGINE Listening for SIGHUP.
INFO:cherrypy.error:[06/Feb/2015:02:45:09] ENGINE Listening for SIGTERM.
INFO:cherrypy.error:[06/Feb/2015:02:45:09] ENGINE Listening for SIGUSR1.
INFO:cherrypy.error:[06/Feb/2015:02:45:09] ENGINE Bus STARTING
INFO:cherrypy.error:[06/Feb/2015:02:45:09] ENGINE Started monitor thread 'Monitor'.
INFO:cherrypy.error:[06/Feb/2015:02:45:09] ENGINE Started monitor thread '_TimeoutMonitor'.
INFO:cherrypy.error:[06/Feb/2015:02:45:09] ENGINE Started monitor thread 'Autoreloader'.
INFO:cherrypy.error:[06/Feb/2015:02:45:09] ENGINE Started monitor thread 'Monitor'.
INFO:cherrypy.error:[06/Feb/2015:02:45:09] ENGINE Serving on 0.0.0.0:8083
INFO:cherrypy.error:[06/Feb/2015:02:45:09] ENGINE Bus STARTED
INFO:cherrypy.error:[06/Feb/2015:02:45:14] ENGINE Keyboard Interrupt: shutting down bus
INFO:cherrypy.error:[06/Feb/2015:02:45:14] ENGINE Bus STOPPING
INFO:cherrypy.error:[06/Feb/2015:02:45:14] ENGINE HTTP Server cherrypy._cpwsgi_server.CPWSGIServer((u'0.0.0.0', 8083)) shut down
INFO:cherrypy.error:[06/Feb/2015:02:45:14] ENGINE Stopped thread 'Autoreloader'.
INFO:cherrypy.error:[06/Feb/2015:02:45:14] ENGINE Stopped thread '_TimeoutMonitor'.
INFO:cherrypy.error:[06/Feb/2015:02:45:14] ENGINE Stopped thread 'Monitor'.
INFO:cherrypy.error:[06/Feb/2015:02:45:14] ENGINE Stopped thread 'Monitor'.
INFO:cherrypy.error:[06/Feb/2015:02:45:14] ENGINE Bus STOPPED
INFO:cherrypy.error:[06/Feb/2015:02:45:14] ENGINE Bus EXITING
INFO:cherrypy.error:[06/Feb/2015:02:45:14] ENGINE Bus EXITED
INFO:cherrypy.error:[06/Feb/2015:02:45:14] ENGINE Waiting for child threads to terminate...
INFO:cherrypy.error:[06/Feb/2015:02:45:23] ENGINE Listening for SIGHUP.
INFO:cherrypy.error:[06/Feb/2015:02:45:23] ENGINE Listening for SIGTERM.
INFO:cherrypy.error:[06/Feb/2015:02:45:23] ENGINE Listening for SIGUSR1.
INFO:cherrypy.error:[06/Feb/2015:02:45:23] ENGINE Bus STARTING
INFO:cherrypy.error:[06/Feb/2015:02:45:23] ENGINE Started monitor thread 'Monitor'.
INFO:cherrypy.error:[06/Feb/2015:02:45:23] ENGINE Started monitor thread '_TimeoutMonitor'.
INFO:cherrypy.error:[06/Feb/2015:02:45:23] ENGINE Started monitor thread 'Autoreloader'.
INFO:cherrypy.error:[06/Feb/2015:02:45:23] ENGINE Started monitor thread 'Monitor'.
INFO:cherrypy.error:[06/Feb/2015:02:45:23] ENGINE Serving on 0.0.0.0:8083
INFO:cherrypy.error:[06/Feb/2015:02:45:23] ENGINE Bus STARTED
INFO:cherrypy.error:[06/Feb/2015:02:45:29] ENGINE Keyboard Interrupt: shutting down bus
INFO:cherrypy.error:[06/Feb/2015:02:45:29] ENGINE Bus STOPPING
INFO:cherrypy.error:[06/Feb/2015:02:45:29] ENGINE HTTP Server cherrypy._cpwsgi_server.CPWSGIServer((u'0.0.0.0', 8083)) shut down
INFO:cherrypy.error:[06/Feb/2015:02:45:29] ENGINE Stopped thread 'Autoreloader'.
INFO:cherrypy.error:[06/Feb/2015:02:45:29] ENGINE Stopped thread '_TimeoutMonitor'.
INFO:cherrypy.error:[06/Feb/2015:02:45:29] ENGINE Stopped thread 'Monitor'.
INFO:cherrypy.error:[06/Feb/2015:02:45:29] ENGINE Stopped thread 'Monitor'.
INFO:cherrypy.error:[06/Feb/2015:02:45:29] ENGINE Bus STOPPED
INFO:cherrypy.error:[06/Feb/2015:02:45:29] ENGINE Bus EXITING
INFO:cherrypy.error:[06/Feb/2015:02:45:29] ENGINE Bus EXITED
INFO:cherrypy.error:[06/Feb/2015:02:45:29] ENGINE Waiting for child threads to terminate...
INFO:cherrypy.error:[06/Feb/2015:02:47:07] ENGINE Listening for SIGHUP.
INFO:cherrypy.error:[06/Feb/2015:02:47:07] ENGINE Listening for SIGTERM.
INFO:cherrypy.error:[06/Feb/2015:02:47:07] ENGINE Listening for SIGUSR1.
INFO:cherrypy.error:[06/Feb/2015:02:47:07] ENGINE Bus STARTING
INFO:cherrypy.error:[06/Feb/2015:02:47:07] ENGINE Started monitor thread 'Monitor'.
INFO:cherrypy.error:[06/Feb/2015:02:47:07] ENGINE Started monitor thread 'Monitor'.
INFO:cherrypy.error:[06/Feb/2015:02:47:07] ENGINE Started monitor thread '_TimeoutMonitor'.
INFO:cherrypy.error:[06/Feb/2015:02:47:07] ENGINE Started monitor thread 'Autoreloader'.
INFO:cherrypy.error:[06/Feb/2015:02:47:07] ENGINE Serving on 0.0.0.0:8083
INFO:cherrypy.error:[06/Feb/2015:02:47:07] ENGINE Bus STARTED
INFO:cherrypy.access.152990348:127.0.0.1 - - [06/Feb/2015:02:47:20] "GET / HTTP/1.1" 200 5302 "" "Mozilla/5.0 (X11; Linux i686) AppleWebKit/537.36 (KHTML, like Gecko) Chrome/39.0.2171.95 Safari/537.36"
INFO:cherrypy.access.152990348:127.0.0.1 - - [06/Feb/2015:02:47:21] "GET /data/samples.json HTTP/1.1" 200 19597 "http://localhost:8083/" "Mozilla/5.0 (X11; Linux i686) AppleWebKit/537.36 (KHTML, like Gecko) Chrome/39.0.2171.95 Safari/537.36"
INFO:cherrypy.access.152990348:127.0.0.1 - - [06/Feb/2015:02:47:26] "GET / HTTP/1.1" 200 5302 "" "Mozilla/5.0 (X11; Linux i686) AppleWebKit/537.36 (KHTML, like Gecko) Chrome/39.0.2171.95 Safari/537.36"
INFO:cherrypy.access.152990348:127.0.0.1 - - [06/Feb/2015:02:47:26] "GET /data/samples.json HTTP/1.1" 200 19859 "http://localhost:8083/" "Mozilla/5.0 (X11; Linux i686) AppleWebKit/537.36 (KHTML, like Gecko) Chrome/39.0.2171.95 Safari/537.36"
INFO:cherrypy.error:[06/Feb/2015:02:48:33] ENGINE Keyboard Interrupt: shutting down bus
INFO:cherrypy.error:[06/Feb/2015:02:48:33] ENGINE Bus STOPPING
INFO:cherrypy.error:[06/Feb/2015:02:48:33] ENGINE HTTP Server cherrypy._cpwsgi_server.CPWSGIServer((u'0.0.0.0', 8083)) shut down
INFO:cherrypy.error:[06/Feb/2015:02:48:33] ENGINE Stopped thread 'Autoreloader'.
INFO:cherrypy.error:[06/Feb/2015:02:48:33] ENGINE Stopped thread '_TimeoutMonitor'.
INFO:cherrypy.error:[06/Feb/2015:02:48:33] ENGINE Stopped thread 'Monitor'.
INFO:cherrypy.error:[06/Feb/2015:02:48:33] ENGINE Stopped thread 'Monitor'.
INFO:cherrypy.error:[06/Feb/2015:02:48:33] ENGINE Bus STOPPED
INFO:cherrypy.error:[06/Feb/2015:02:48:33] ENGINE Bus EXITING
INFO:cherrypy.error:[06/Feb/2015:02:48:33] ENGINE Bus EXITED
INFO:cherrypy.error:[06/Feb/2015:02:48:33] ENGINE Waiting for child threads to terminate...
INFO:cherrypy.error:[06/Feb/2015:02:58:30] ENGINE Listening for SIGHUP.
INFO:cherrypy.error:[06/Feb/2015:02:58:30] ENGINE Listening for SIGTERM.
INFO:cherrypy.error:[06/Feb/2015:02:58:30] ENGINE Listening for SIGUSR1.
INFO:cherrypy.error:[06/Feb/2015:02:58:30] ENGINE Bus STARTING
INFO:cherrypy.error:[06/Feb/2015:02:58:30] ENGINE Started monitor thread 'Monitor'.
INFO:cherrypy.error:[06/Feb/2015:02:58:30] ENGINE Started monitor thread '_TimeoutMonitor'.
INFO:cherrypy.error:[06/Feb/2015:02:58:30] ENGINE Started monitor thread 'Monitor'.
INFO:cherrypy.error:[06/Feb/2015:02:58:30] ENGINE Started monitor thread 'Autoreloader'.
INFO:cherrypy.error:[06/Feb/2015:02:58:30] ENGINE Serving on 0.0.0.0:8083
INFO:cherrypy.error:[06/Feb/2015:02:58:30] ENGINE Bus STARTED
INFO:cherrypy.error:[06/Feb/2015:02:59:35] ENGINE Restarting because /home/trevor/Public/trevstanhope/rehydrate/node/rehydrate-node.py changed.
INFO:cherrypy.error:[06/Feb/2015:02:59:35] ENGINE Stopped thread 'Autoreloader'.
INFO:cherrypy.error:[06/Feb/2015:02:59:35] ENGINE Bus STOPPING
INFO:cherrypy.error:[06/Feb/2015:02:59:35] ENGINE HTTP Server cherrypy._cpwsgi_server.CPWSGIServer((u'0.0.0.0', 8083)) shut down
INFO:cherrypy.error:[06/Feb/2015:02:59:35] ENGINE Stopped thread '_TimeoutMonitor'.
INFO:cherrypy.error:[06/Feb/2015:02:59:35] ENGINE Stopped thread 'Monitor'.
INFO:cherrypy.error:[06/Feb/2015:02:59:35] ENGINE Stopped thread 'Monitor'.
INFO:cherrypy.error:[06/Feb/2015:02:59:35] ENGINE Bus STOPPED
INFO:cherrypy.error:[06/Feb/2015:02:59:35] ENGINE Bus EXITING
INFO:cherrypy.error:[06/Feb/2015:02:59:35] ENGINE Bus EXITED
INFO:cherrypy.error:[06/Feb/2015:02:59:35] ENGINE Waiting for child threads to terminate...
INFO:cherrypy.error:[06/Feb/2015:02:59:35] ENGINE Re-spawning rehydrate-node.py
INFO:cherrypy.error:[06/Feb/2015:02:59:35] ENGINE Listening for SIGHUP.
INFO:cherrypy.error:[06/Feb/2015:02:59:35] ENGINE Listening for SIGTERM.
INFO:cherrypy.error:[06/Feb/2015:02:59:35] ENGINE Listening for SIGUSR1.
INFO:cherrypy.error:[06/Feb/2015:02:59:35] ENGINE Bus STARTING
INFO:cherrypy.error:[06/Feb/2015:02:59:35] ENGINE Started monitor thread 'Monitor'.
INFO:cherrypy.error:[06/Feb/2015:02:59:35] ENGINE Started monitor thread 'Monitor'.
INFO:cherrypy.error:[06/Feb/2015:02:59:35] ENGINE Started monitor thread '_TimeoutMonitor'.
INFO:cherrypy.error:[06/Feb/2015:02:59:35] ENGINE Started monitor thread 'Autoreloader'.
INFO:cherrypy.error:[06/Feb/2015:02:59:35] ENGINE Serving on 0.0.0.0:8083
INFO:cherrypy.error:[06/Feb/2015:02:59:35] ENGINE Bus STARTED
INFO:cherrypy.error:[06/Feb/2015:02:59:54] ENGINE Keyboard Interrupt: shutting down bus
INFO:cherrypy.error:[06/Feb/2015:02:59:54] ENGINE Bus STOPPING
INFO:cherrypy.error:[06/Feb/2015:02:59:54] ENGINE HTTP Server cherrypy._cpwsgi_server.CPWSGIServer((u'0.0.0.0', 8083)) shut down
INFO:cherrypy.error:[06/Feb/2015:02:59:54] ENGINE Stopped thread 'Monitor'.
INFO:cherrypy.error:[06/Feb/2015:02:59:54] ENGINE Stopped thread 'Autoreloader'.
INFO:cherrypy.error:[06/Feb/2015:02:59:54] ENGINE Stopped thread 'Monitor'.
INFO:cherrypy.error:[06/Feb/2015:02:59:54] ENGINE Stopped thread '_TimeoutMonitor'.
INFO:cherrypy.error:[06/Feb/2015:02:59:54] ENGINE Bus STOPPED
INFO:cherrypy.error:[06/Feb/2015:02:59:54] ENGINE Bus EXITING
INFO:cherrypy.error:[06/Feb/2015:02:59:54] ENGINE Bus EXITED
INFO:cherrypy.error:[06/Feb/2015:02:59:54] ENGINE Waiting for child threads to terminate...
INFO:cherrypy.error:[06/Feb/2015:03:00:51] ENGINE Listening for SIGHUP.
INFO:cherrypy.error:[06/Feb/2015:03:00:51] ENGINE Listening for SIGTERM.
INFO:cherrypy.error:[06/Feb/2015:03:00:51] ENGINE Listening for SIGUSR1.
INFO:cherrypy.error:[06/Feb/2015:03:00:51] ENGINE Bus STARTING
INFO:cherrypy.error:[06/Feb/2015:03:00:51] ENGINE Started monitor thread 'Monitor'.
INFO:cherrypy.error:[06/Feb/2015:03:00:51] ENGINE Started monitor thread 'Monitor'.
INFO:cherrypy.error:[06/Feb/2015:03:00:51] ENGINE Started monitor thread '_TimeoutMonitor'.
INFO:cherrypy.error:[06/Feb/2015:03:00:51] ENGINE Started monitor thread 'Autoreloader'.
INFO:cherrypy.error:[06/Feb/2015:03:00:51] ENGINE Serving on 0.0.0.0:8083
INFO:cherrypy.error:[06/Feb/2015:03:00:51] ENGINE Bus STARTED
INFO:cherrypy.error:[06/Feb/2015:03:01:58] ENGINE Keyboard Interrupt: shutting down bus
INFO:cherrypy.error:[06/Feb/2015:03:01:58] ENGINE Bus STOPPING
INFO:cherrypy.error:[06/Feb/2015:03:01:58] ENGINE HTTP Server cherrypy._cpwsgi_server.CPWSGIServer((u'0.0.0.0', 8083)) shut down
INFO:cherrypy.error:[06/Feb/2015:03:01:58] ENGINE Stopped thread 'Monitor'.
INFO:cherrypy.error:[06/Feb/2015:03:01:58] ENGINE Stopped thread 'Autoreloader'.
INFO:cherrypy.error:[06/Feb/2015:03:01:58] ENGINE Stopped thread 'Monitor'.
INFO:cherrypy.error:[06/Feb/2015:03:01:58] ENGINE Stopped thread '_TimeoutMonitor'.
INFO:cherrypy.error:[06/Feb/2015:03:01:58] ENGINE Bus STOPPED
INFO:cherrypy.error:[06/Feb/2015:03:01:58] ENGINE Bus EXITING
INFO:cherrypy.error:[06/Feb/2015:03:01:58] ENGINE Bus EXITED
INFO:cherrypy.error:[06/Feb/2015:03:01:58] ENGINE Waiting for child threads to terminate...
INFO:cherrypy.error:[06/Feb/2015:03:02:29] ENGINE Listening for SIGHUP.
INFO:cherrypy.error:[06/Feb/2015:03:02:29] ENGINE Listening for SIGTERM.
INFO:cherrypy.error:[06/Feb/2015:03:02:29] ENGINE Listening for SIGUSR1.
INFO:cherrypy.error:[06/Feb/2015:03:02:29] ENGINE Bus STARTING
INFO:cherrypy.error:[06/Feb/2015:03:02:29] ENGINE Started monitor thread 'Autoreloader'.
INFO:cherrypy.error:[06/Feb/2015:03:02:29] ENGINE Started monitor thread 'Monitor'.
INFO:cherrypy.error:[06/Feb/2015:03:02:29] ENGINE Started monitor thread 'Monitor'.
INFO:cherrypy.error:[06/Feb/2015:03:02:29] ENGINE Started monitor thread '_TimeoutMonitor'.
INFO:cherrypy.error:[06/Feb/2015:03:02:29] ENGINE Serving on 0.0.0.0:8083
INFO:cherrypy.error:[06/Feb/2015:03:02:29] ENGINE Bus STARTED
INFO:cherrypy.error:[06/Feb/2015:03:02:36] ENGINE Keyboard Interrupt: shutting down bus
INFO:cherrypy.error:[06/Feb/2015:03:02:36] ENGINE Bus STOPPING
INFO:cherrypy.error:[06/Feb/2015:03:02:36] ENGINE HTTP Server cherrypy._cpwsgi_server.CPWSGIServer((u'0.0.0.0', 8083)) shut down
INFO:cherrypy.error:[06/Feb/2015:03:02:36] ENGINE Stopped thread 'Monitor'.
INFO:cherrypy.error:[06/Feb/2015:03:02:36] ENGINE Stopped thread 'Monitor'.
INFO:cherrypy.error:[06/Feb/2015:03:02:36] ENGINE Stopped thread '_TimeoutMonitor'.
INFO:cherrypy.error:[06/Feb/2015:03:02:36] ENGINE Stopped thread 'Autoreloader'.
INFO:cherrypy.error:[06/Feb/2015:03:02:36] ENGINE Bus STOPPED
INFO:cherrypy.error:[06/Feb/2015:03:02:36] ENGINE Bus EXITING
INFO:cherrypy.error:[06/Feb/2015:03:02:36] ENGINE Bus EXITED
INFO:cherrypy.error:[06/Feb/2015:03:02:36] ENGINE Waiting for child threads to terminate...
INFO:cherrypy.error:[06/Feb/2015:03:02:49] ENGINE Listening for SIGHUP.
INFO:cherrypy.error:[06/Feb/2015:03:02:49] ENGINE Listening for SIGTERM.
INFO:cherrypy.error:[06/Feb/2015:03:02:49] ENGINE Listening for SIGUSR1.
INFO:cherrypy.error:[06/Feb/2015:03:02:49] ENGINE Bus STARTING
INFO:cherrypy.error:[06/Feb/2015:03:02:49] ENGINE Started monitor thread 'Autoreloader'.
INFO:cherrypy.error:[06/Feb/2015:03:02:49] ENGINE Started monitor thread 'Monitor'.
INFO:cherrypy.error:[06/Feb/2015:03:02:49] ENGINE Started monitor thread 'Monitor'.
INFO:cherrypy.error:[06/Feb/2015:03:02:49] ENGINE Started monitor thread '_TimeoutMonitor'.
INFO:cherrypy.error:[06/Feb/2015:03:02:49] ENGINE Serving on 0.0.0.0:8083
INFO:cherrypy.error:[06/Feb/2015:03:02:49] ENGINE Bus STARTED
INFO:cherrypy.error:[06/Feb/2015:03:02:57] ENGINE Keyboard Interrupt: shutting down bus
INFO:cherrypy.error:[06/Feb/2015:03:02:57] ENGINE Bus STOPPING
INFO:cherrypy.error:[06/Feb/2015:03:02:57] ENGINE HTTP Server cherrypy._cpwsgi_server.CPWSGIServer((u'0.0.0.0', 8083)) shut down
INFO:cherrypy.error:[06/Feb/2015:03:02:57] ENGINE Stopped thread 'Monitor'.
INFO:cherrypy.error:[06/Feb/2015:03:02:57] ENGINE Stopped thread 'Monitor'.
INFO:cherrypy.error:[06/Feb/2015:03:02:57] ENGINE Stopped thread '_TimeoutMonitor'.
INFO:cherrypy.error:[06/Feb/2015:03:02:57] ENGINE Stopped thread 'Autoreloader'.
INFO:cherrypy.error:[06/Feb/2015:03:02:57] ENGINE Bus STOPPED
INFO:cherrypy.error:[06/Feb/2015:03:02:57] ENGINE Bus EXITING
INFO:cherrypy.error:[06/Feb/2015:03:02:57] ENGINE Bus EXITED
INFO:cherrypy.error:[06/Feb/2015:03:02:57] ENGINE Waiting for child threads to terminate...
INFO:cherrypy.error:[06/Feb/2015:03:03:15] ENGINE Listening for SIGHUP.
INFO:cherrypy.error:[06/Feb/2015:03:03:15] ENGINE Listening for SIGTERM.
INFO:cherrypy.error:[06/Feb/2015:03:03:15] ENGINE Listening for SIGUSR1.
INFO:cherrypy.error:[06/Feb/2015:03:03:15] ENGINE Bus STARTING
INFO:cherrypy.error:[06/Feb/2015:03:03:15] ENGINE Started monitor thread 'Monitor'.
INFO:cherrypy.error:[06/Feb/2015:03:03:15] ENGINE Started monitor thread 'Monitor'.
INFO:cherrypy.error:[06/Feb/2015:03:03:15] ENGINE Started monitor thread '_TimeoutMonitor'.
INFO:cherrypy.error:[06/Feb/2015:03:03:15] ENGINE Started monitor thread 'Autoreloader'.
INFO:cherrypy.error:[06/Feb/2015:03:03:15] ENGINE Serving on 0.0.0.0:8083
INFO:cherrypy.error:[06/Feb/2015:03:03:15] ENGINE Bus STARTED
INFO:cherrypy.error:[06/Feb/2015:03:03:23] ENGINE Keyboard Interrupt: shutting down bus
INFO:cherrypy.error:[06/Feb/2015:03:03:23] ENGINE Bus STOPPING
INFO:cherrypy.error:[06/Feb/2015:03:03:23] ENGINE HTTP Server cherrypy._cpwsgi_server.CPWSGIServer((u'0.0.0.0', 8083)) shut down
INFO:cherrypy.error:[06/Feb/2015:03:03:23] ENGINE Stopped thread 'Monitor'.
INFO:cherrypy.error:[06/Feb/2015:03:03:23] ENGINE Stopped thread 'Autoreloader'.
INFO:cherrypy.error:[06/Feb/2015:03:03:23] ENGINE Stopped thread 'Monitor'.
INFO:cherrypy.error:[06/Feb/2015:03:03:23] ENGINE Stopped thread '_TimeoutMonitor'.
INFO:cherrypy.error:[06/Feb/2015:03:03:23] ENGINE Bus STOPPED
INFO:cherrypy.error:[06/Feb/2015:03:03:23] ENGINE Bus EXITING
INFO:cherrypy.error:[06/Feb/2015:03:03:23] ENGINE Bus EXITED
INFO:cherrypy.error:[06/Feb/2015:03:03:23] ENGINE Waiting for child threads to terminate...
INFO:cherrypy.error:[06/Feb/2015:03:04:06] ENGINE Listening for SIGHUP.
INFO:cherrypy.error:[06/Feb/2015:03:04:06] ENGINE Listening for SIGTERM.
INFO:cherrypy.error:[06/Feb/2015:03:04:06] ENGINE Listening for SIGUSR1.
INFO:cherrypy.error:[06/Feb/2015:03:04:06] ENGINE Bus STARTING
INFO:cherrypy.error:[06/Feb/2015:03:04:06] ENGINE Started monitor thread 'Autoreloader'.
INFO:cherrypy.error:[06/Feb/2015:03:04:06] ENGINE Started monitor thread 'Monitor'.
INFO:cherrypy.error:[06/Feb/2015:03:04:06] ENGINE Started monitor thread 'Monitor'.
INFO:cherrypy.error:[06/Feb/2015:03:04:06] ENGINE Started monitor thread '_TimeoutMonitor'.
INFO:cherrypy.error:[06/Feb/2015:03:04:06] ENGINE Serving on 0.0.0.0:8083
INFO:cherrypy.error:[06/Feb/2015:03:04:06] ENGINE Bus STARTED
INFO:cherrypy.error:[06/Feb/2015:03:04:16] ENGINE Keyboard Interrupt: shutting down bus
INFO:cherrypy.error:[06/Feb/2015:03:04:16] ENGINE Bus STOPPING
INFO:cherrypy.error:[06/Feb/2015:03:04:16] ENGINE HTTP Server cherrypy._cpwsgi_server.CPWSGIServer((u'0.0.0.0', 8083)) shut down
INFO:cherrypy.error:[06/Feb/2015:03:04:16] ENGINE Stopped thread 'Monitor'.
INFO:cherrypy.error:[06/Feb/2015:03:04:16] ENGINE Stopped thread 'Monitor'.
INFO:cherrypy.error:[06/Feb/2015:03:04:16] ENGINE Stopped thread '_TimeoutMonitor'.
INFO:cherrypy.error:[06/Feb/2015:03:04:16] ENGINE Stopped thread 'Autoreloader'.
INFO:cherrypy.error:[06/Feb/2015:03:04:16] ENGINE Bus STOPPED
INFO:cherrypy.error:[06/Feb/2015:03:04:16] ENGINE Bus EXITING
INFO:cherrypy.error:[06/Feb/2015:03:04:16] ENGINE Bus EXITED
INFO:cherrypy.error:[06/Feb/2015:03:04:16] ENGINE Waiting for child threads to terminate...
INFO:cherrypy.error:[06/Feb/2015:03:04:26] ENGINE Listening for SIGHUP.
INFO:cherrypy.error:[06/Feb/2015:03:04:26] ENGINE Listening for SIGTERM.
INFO:cherrypy.error:[06/Feb/2015:03:04:26] ENGINE Listening for SIGUSR1.
INFO:cherrypy.error:[06/Feb/2015:03:04:26] ENGINE Bus STARTING
INFO:cherrypy.error:[06/Feb/2015:03:04:26] ENGINE Started monitor thread 'Autoreloader'.
INFO:cherrypy.error:[06/Feb/2015:03:04:26] ENGINE Started monitor thread 'Monitor'.
INFO:cherrypy.error:[06/Feb/2015:03:04:26] ENGINE Started monitor thread 'Monitor'.
INFO:cherrypy.error:[06/Feb/2015:03:04:26] ENGINE Started monitor thread '_TimeoutMonitor'.
INFO:cherrypy.error:[06/Feb/2015:03:04:26] ENGINE Serving on 0.0.0.0:8083
INFO:cherrypy.error:[06/Feb/2015:03:04:26] ENGINE Bus STARTED
INFO:cherrypy.error:[06/Feb/2015:03:05:06] ENGINE Keyboard Interrupt: shutting down bus
INFO:cherrypy.error:[06/Feb/2015:03:05:06] ENGINE Bus STOPPING
INFO:cherrypy.error:[06/Feb/2015:03:05:06] ENGINE HTTP Server cherrypy._cpwsgi_server.CPWSGIServer((u'0.0.0.0', 8083)) shut down
INFO:cherrypy.error:[06/Feb/2015:03:05:06] ENGINE Stopped thread 'Monitor'.
INFO:cherrypy.error:[06/Feb/2015:03:05:06] ENGINE Stopped thread 'Monitor'.
INFO:cherrypy.error:[06/Feb/2015:03:05:06] ENGINE Stopped thread '_TimeoutMonitor'.
INFO:cherrypy.error:[06/Feb/2015:03:05:06] ENGINE Stopped thread 'Autoreloader'.
INFO:cherrypy.error:[06/Feb/2015:03:05:06] ENGINE Bus STOPPED
INFO:cherrypy.error:[06/Feb/2015:03:05:06] ENGINE Bus EXITING
INFO:cherrypy.error:[06/Feb/2015:03:05:06] ENGINE Bus EXITED
INFO:cherrypy.error:[06/Feb/2015:03:05:06] ENGINE Waiting for child threads to terminate...
